#
# There is insufficient memory for the Java Runtime Environment to continue.
# Native memory allocation (malloc) failed to allocate 35408 bytes for Chunk::new
# Possible reasons:
#   The system is out of physical RAM or swap space
#   The process is running with CompressedOops enabled, and the Java Heap may be blocking the growth of the native heap
# Possible solutions:
#   Reduce memory load on the system
#   Increase physical memory or swap space
#   Check if swap backing store is full
#   Decrease Java heap size (-Xmx/-Xms)
#   Decrease number of Java threads
#   Decrease Java thread stack sizes (-Xss)
#   Set larger code cache with -XX:ReservedCodeCacheSize=
#   JVM is running with Zero Based Compressed Oops mode in which the Java heap is
#     placed in the first 32GB address space. The Java Heap base address is the
#     maximum limit for the native heap growth. Please use -XX:HeapBaseMinAddress
#     to set the Java Heap base and to place the Java Heap above 32GB virtual address.
# This output file may be truncated or incomplete.
#
#  Out of Memory Error (allocation.cpp:389), pid=19316, tid=0x00000000000039a0
#
# JRE version: OpenJDK Runtime Environment (8.0_282-b08) (build 1.8.0_282-b08)
# Java VM: OpenJDK 64-Bit Server VM (25.282-b08 mixed mode windows-amd64 compressed oops)
# Failed to write core dump. Minidumps are not enabled by default on client versions of Windows
#

---------------  T H R E A D  ---------------

Current thread (0x000001f8a0a56000):  JavaThread "C2 CompilerThread1" daemon [_thread_in_native, id=14752, stack(0x000000d38f800000,0x000000d38f900000)]

Stack: [0x000000d38f800000,0x000000d38f900000]
[error occurred during error reporting (printing stack bounds), id 0xc0000005]

Native frames: (J=compiled Java code, j=interpreted, Vv=VM code, C=native code)


Current CompileTask:
C2:  43574 11754       4       org.gradle.internal.logging.text.AbstractLineChoppingStyledTextOutput$1::execute (130 bytes)


---------------  P R O C E S S  ---------------

Java Threads: ( => current thread )
  0x000001f8a3781800 JavaThread "Exec process Thread 3" [_thread_in_native, id=18484, stack(0x000000d392d00000,0x000000d392e00000)]
  0x000001f8a3b11800 JavaThread "Exec process Thread 2" [_thread_in_native, id=3664, stack(0x000000d392c00000,0x000000d392d00000)]
  0x000001f8a6d91000 JavaThread "Exec process" [_thread_in_native, id=10388, stack(0x000000d391800000,0x000000d391900000)]
  0x000001f8a6d90000 JavaThread "Cache worker for Java compile cache (C:\Users\Eigenaar\Desktop\MinecraftModding\Feywild\.gradle\4.10.3\javaCompile)" [_thread_blocked, id=18852, stack(0x000000d392b00000,0x000000d392c00000)]
  0x000001f8a6d8f800 JavaThread "Cache worker for Java compile cache (C:\Users\Eigenaar\.gradle\caches\4.10.3\javaCompile)" [_thread_blocked, id=16124, stack(0x000000d392a00000,0x000000d392b00000)]
  0x000001f8a6d8e800 JavaThread "Cache worker for Build Output Cleanup Cache (C:\Users\Eigenaar\Desktop\MinecraftModding\Feywild\.gradle\buildOutputCleanup)" [_thread_blocked, id=8976, stack(0x000000d392900000,0x000000d392a00000)]
  0x000001f8a6d85000 JavaThread "Cache worker for task history cache (C:\Users\Eigenaar\Desktop\MinecraftModding\Feywild\.gradle\4.10.3\taskHistory)" [_thread_blocked, id=18684, stack(0x000000d392800000,0x000000d392900000)]
  0x000001f8a6d86000 JavaThread "Task worker for ':' Thread 11" [_thread_blocked, id=6340, stack(0x000000d392700000,0x000000d392800000)]
  0x000001f8a6d8c800 JavaThread "Task worker for ':' Thread 10" [_thread_blocked, id=17196, stack(0x000000d392600000,0x000000d392700000)]
  0x000001f8a6d8b800 JavaThread "Task worker for ':' Thread 9" [_thread_blocked, id=10548, stack(0x000000d392500000,0x000000d392600000)]
  0x000001f8a6d87000 JavaThread "Task worker for ':' Thread 8" [_thread_blocked, id=18568, stack(0x000000d392400000,0x000000d392500000)]
  0x000001f8a6d88800 JavaThread "Task worker for ':' Thread 7" [_thread_blocked, id=9632, stack(0x000000d392300000,0x000000d392400000)]
  0x000001f8a6d8a000 JavaThread "Task worker for ':' Thread 6" [_thread_blocked, id=14128, stack(0x000000d392200000,0x000000d392300000)]
  0x000001f8a6d89000 JavaThread "Task worker for ':' Thread 5" [_thread_blocked, id=1964, stack(0x000000d392100000,0x000000d392200000)]
  0x000001f8a6d8a800 JavaThread "Task worker for ':' Thread 4" [_thread_blocked, id=19392, stack(0x000000d392000000,0x000000d392100000)]
  0x000001f8a6d84800 JavaThread "Task worker for ':' Thread 3" [_thread_blocked, id=18620, stack(0x000000d391f00000,0x000000d392000000)]
  0x000001f8a6d87800 JavaThread "Task worker for ':' Thread 2" [_thread_blocked, id=19428, stack(0x000000d391e00000,0x000000d391f00000)]
  0x000001f8a378b000 JavaThread "Task worker for ':'" [_thread_blocked, id=18876, stack(0x000000d391d00000,0x000000d391e00000)]
  0x000001f8a378a000 JavaThread "Cache worker for file content cache (C:\Users\Eigenaar\Desktop\MinecraftModding\Feywild\.gradle\4.10.3\fileContent)" [_thread_blocked, id=19120, stack(0x000000d391b00000,0x000000d391c00000)]
  0x000001f8a3782000 JavaThread "Cache worker for file content cache (C:\Users\Eigenaar\.gradle\caches\4.10.3\fileContent)" [_thread_blocked, id=18560, stack(0x000000d391a00000,0x000000d391b00000)]
  0x000001f8a3789800 JavaThread "Memory manager" [_thread_blocked, id=5080, stack(0x000000d391900000,0x000000d391a00000)]
  0x000001f8a3786000 JavaThread "Build operations Thread 12" [_thread_blocked, id=2036, stack(0x000000d391700000,0x000000d391800000)]
  0x000001f8a3785800 JavaThread "Build operations Thread 11" [_thread_blocked, id=8232, stack(0x000000d391600000,0x000000d391700000)]
  0x000001f8a3784800 JavaThread "Build operations Thread 10" [_thread_blocked, id=16708, stack(0x000000d391500000,0x000000d391600000)]
  0x000001f8a3787000 JavaThread "Build operations Thread 9" [_thread_blocked, id=8056, stack(0x000000d391400000,0x000000d391500000)]
  0x000001f8a3783000 JavaThread "Build operations Thread 8" [_thread_blocked, id=11300, stack(0x000000d391300000,0x000000d391400000)]
  0x000001f8a377c800 JavaThread "Build operations Thread 7" [_thread_blocked, id=18944, stack(0x000000d391200000,0x000000d391300000)]
  0x000001f8a3780000 JavaThread "Build operations Thread 6" [_thread_blocked, id=6908, stack(0x000000d391100000,0x000000d391200000)]
  0x000001f8a377f000 JavaThread "Build operations Thread 5" [_thread_blocked, id=18848, stack(0x000000d391000000,0x000000d391100000)]
  0x000001f8a3784000 JavaThread "Build operations Thread 4" [_thread_blocked, id=16504, stack(0x000000d390f00000,0x000000d391000000)]
  0x000001f8a377e800 JavaThread "Build operations Thread 3" [_thread_blocked, id=19388, stack(0x000000d390e00000,0x000000d390f00000)]
  0x000001f8a377c000 JavaThread "Build operations Thread 2" [_thread_blocked, id=18600, stack(0x000000d390d00000,0x000000d390e00000)]
  0x000001f8a377d800 JavaThread "Build operations" [_thread_blocked, id=7712, stack(0x000000d390c00000,0x000000d390d00000)]
  0x000001f8a3b12000 JavaThread "Cache worker for Artifact transforms cache (C:\Users\Eigenaar\.gradle\caches\transforms-1)" [_thread_blocked, id=18440, stack(0x000000d390b00000,0x000000d390c00000)]
  0x000001f8a3b10800 JavaThread "Cache worker for cache directory md-rule (C:\Users\Eigenaar\.gradle\caches\4.10.3\md-rule)" [_thread_blocked, id=11292, stack(0x000000d390a00000,0x000000d390b00000)]
  0x000001f8a3b10000 JavaThread "Cache worker for cache directory md-supplier (C:\Users\Eigenaar\.gradle\caches\4.10.3\md-supplier)" [_thread_blocked, id=18572, stack(0x000000d390900000,0x000000d390a00000)]
  0x000001f8a3b0c800 JavaThread "Cache worker for journal cache (C:\Users\Eigenaar\.gradle\caches\journal-1)" [_thread_blocked, id=2028, stack(0x000000d390800000,0x000000d390900000)]
  0x000001f8a3b0e000 JavaThread "Cache worker for file hash cache (C:\Users\Eigenaar\Desktop\MinecraftModding\Feywild\.gradle\4.10.3\fileHashes)" [_thread_blocked, id=3456, stack(0x000000d390700000,0x000000d390800000)]
  0x000001f8a2bf7000 JavaThread "File lock request listener" [_thread_in_native, id=8820, stack(0x000000d390600000,0x000000d390700000)]
  0x000001f8a2c4c800 JavaThread "Cache worker for file hash cache (C:\Users\Eigenaar\.gradle\caches\4.10.3\fileHashes)" [_thread_blocked, id=3056, stack(0x000000d390500000,0x000000d390600000)]
  0x000001f8a2c58000 JavaThread "Stdin handler" [_thread_blocked, id=13456, stack(0x000000d390400000,0x000000d390500000)]
  0x000001f8a2c54800 JavaThread "Asynchronous log dispatcher for DefaultDaemonConnection: socket connection from /127.0.0.1:63146 to /127.0.0.1:63147" [_thread_blocked, id=4156, stack(0x000000d390300000,0x000000d390400000)]
  0x000001f8a2c5c000 JavaThread "Daemon worker" [_thread_blocked, id=19356, stack(0x000000d390200000,0x000000d390300000)]
  0x000001f8a2bcd000 JavaThread "Cancel handler" [_thread_blocked, id=8628, stack(0x000000d390100000,0x000000d390200000)]
  0x000001f8a2b79000 JavaThread "Handler for socket connection from /127.0.0.1:63146 to /127.0.0.1:63147" [_thread_in_native, id=4980, stack(0x000000d390000000,0x000000d390100000)]
  0x000001f8a256e800 JavaThread "Daemon" [_thread_blocked, id=18988, stack(0x000000d38ff00000,0x000000d390000000)]
  0x000001f8a20dd800 JavaThread "Daemon periodic checks" [_thread_blocked, id=6240, stack(0x000000d38fe00000,0x000000d38ff00000)]
  0x000001f8a20f3800 JavaThread "Incoming local TCP Connector on port 63146" [_thread_in_native, id=14428, stack(0x000000d38fd00000,0x000000d38fe00000)]
  0x000001f8a0af7800 JavaThread "Service Thread" daemon [_thread_blocked, id=18992, stack(0x000000d38fb00000,0x000000d38fc00000)]
  0x000001f8a0a59800 JavaThread "C1 CompilerThread3" daemon [_thread_blocked, id=18384, stack(0x000000d38fa00000,0x000000d38fb00000)]
  0x000001f8a0a59000 JavaThread "C2 CompilerThread2" daemon [_thread_blocked, id=18744, stack(0x000000d38f900000,0x000000d38fa00000)]
=>0x000001f8a0a56000 JavaThread "C2 CompilerThread1" daemon [_thread_in_native, id=14752, stack(0x000000d38f800000,0x000000d38f900000)]
  0x000001f8a0a52800 JavaThread "C2 CompilerThread0" daemon [_thread_blocked, id=16600, stack(0x000000d38f700000,0x000000d38f800000)]
  0x000001f89e5ac000 JavaThread "JDWP Command Reader" daemon [_thread_in_native, id=19132, stack(0x000000d38f600000,0x000000d38f700000)]
  0x000001f89e5a7000 JavaThread "JDWP Event Helper Thread" daemon [_thread_blocked, id=19324, stack(0x000000d38f500000,0x000000d38f600000)]
  0x000001f89e5a3000 JavaThread "JDWP Transport Listener: dt_socket" daemon [_thread_blocked, id=15072, stack(0x000000d38f400000,0x000000d38f500000)]
  0x000001f89e586800 JavaThread "Attach Listener" daemon [_thread_blocked, id=12592, stack(0x000000d38f300000,0x000000d38f400000)]
  0x000001f89e584000 JavaThread "Signal Dispatcher" daemon [_thread_blocked, id=4168, stack(0x000000d38f200000,0x000000d38f300000)]
  0x000001f89e55c000 JavaThread "Finalizer" daemon [_thread_blocked, id=1360, stack(0x000000d38f100000,0x000000d38f200000)]
  0x000001f89e551000 JavaThread "Reference Handler" daemon [_thread_blocked, id=12744, stack(0x000000d38f000000,0x000000d38f100000)]
  0x000001f885cf6800 JavaThread "main" [_thread_blocked, id=3648, stack(0x000000d38e400000,0x000000d38e500000)]

Other Threads:
  0x000001f89e528000 VMThread [stack: 0x000000d38ef00000,0x000000d38f000000] [id=1444]
  0x000001f8a0afa800 WatcherThread [stack: 0x000000d38fc00000,0x000000d38fd00000] [id=16004]

VM state:not at safepoint (normal execution)

VM Mutex/Monitor currently owned by a thread: None

heap address: 0x0000000700000000, size: 3072 MB, Compressed Oops mode: Zero based, Oop shift amount: 3
Narrow klass base: 0x0000000000000000, Narrow klass shift: 3
Compressed class space size: 1073741824 Address: 0x00000007c0000000

Heap:
 PSYoungGen      total 592384K, used 253336K [0x0000000780000000, 0x00000007a7e00000, 0x00000007c0000000)
  eden space 534016K, 40% used [0x0000000780000000,0x000000078d4e30e8,0x00000007a0980000)
  from space 58368K, 60% used [0x00000007a4280000,0x00000007a6502ff0,0x00000007a7b80000)
  to   space 58368K, 0% used [0x00000007a0980000,0x00000007a0980000,0x00000007a4280000)
 ParOldGen       total 310784K, used 93143K [0x0000000700000000, 0x0000000712f80000, 0x0000000780000000)
  object space 310784K, 29% used [0x0000000700000000,0x0000000705af5d78,0x0000000712f80000)
 Metaspace       used 66367K, capacity 67654K, committed 67968K, reserved 1107968K
  class space    used 8913K, capacity 9239K, committed 9344K, reserved 1048576K

Card table byte_map: [0x000001f896ab0000,0x000001f8970c0000] byte_map_base: 0x000001f8932b0000

Marking Bits: (ParMarkBitMap*) 0x00000000602cb810
 Begin Bits: [0x000001f8974c0000, 0x000001f89a4c0000)
 End Bits:   [0x000001f89a4c0000, 0x000001f89d4c0000)

Polling page: 0x000001f885e40000

CodeCache: size=245760Kb used=37466Kb max_used=37478Kb free=208293Kb
 bounds [0x000001f8876f0000, 0x000001f889bc0000, 0x000001f8966f0000]
 total_blobs=10284 nmethods=9451 adapters=753
 compilation: enabled

Compilation events (10 events):
Event: 37.565 Thread 0x000001f8a0a59800 11750       3       org.gradle.internal.logging.text.AbstractLineChoppingStyledTextOutput::doAppend (43 bytes)
Event: 37.566 Thread 0x000001f8a0a59800 nmethod 11750 0x000001f88939b3d0 code [0x000001f88939b580, 0x000001f88939ba10]
Event: 37.566 Thread 0x000001f8a0a59800 11751       3       org.gradle.internal.logging.text.AbstractLineChoppingStyledTextOutput$1::execute (9 bytes)
Event: 37.566 Thread 0x000001f8a0a59800 nmethod 11751 0x000001f8893a4a90 code [0x000001f8893a4c00, 0x000001f8893a4f10]
Event: 37.566 Thread 0x000001f8a0a52800 11752       4       org.gradle.internal.logging.text.AbstractLineChoppingStyledTextOutput$StateContext::hasChar (22 bytes)
Event: 37.566 Thread 0x000001f8a0a52800 nmethod 11752 0x000001f888e6b910 code [0x000001f888e6ba40, 0x000001f888e6bab8]
Event: 43.563 Thread 0x000001f8a0a52800 11753       4       org.gradle.internal.logging.text.AbstractLineChoppingStyledTextOutput$1::execute (9 bytes)
Event: 43.568 Thread 0x000001f8a0a56000 11754       4       org.gradle.internal.logging.text.AbstractLineChoppingStyledTextOutput$1::execute (130 bytes)
Event: 43.568 Thread 0x000001f8a0a59000 11755       4       org.gradle.internal.logging.text.AbstractLineChoppingStyledTextOutput$2::execute (73 bytes)
Event: 43.570 Thread 0x000001f8a0a52800 nmethod 11753 0x000001f888ce5a90 code [0x000001f888ce5c40, 0x000001f888ce63d8]

GC Heap History (10 events):
Event: 12.357 GC heap before
{Heap before GC invocations=15 (full 2):
 PSYoungGen      total 342016K, used 221866K [0x0000000780000000, 0x0000000797d00000, 0x00000007c0000000)
  eden space 312320K, 61% used [0x0000000780000000,0x000000078bbab0a8,0x0000000793100000)
  from space 29696K, 99% used [0x0000000795480000,0x000000079717f840,0x0000000797180000)
  to   space 36352K, 0% used [0x0000000793100000,0x0000000793100000,0x0000000795480000)
 ParOldGen       total 175616K, used 53834K [0x0000000700000000, 0x000000070ab80000, 0x0000000780000000)
  object space 175616K, 30% used [0x0000000700000000,0x0000000703492890,0x000000070ab80000)
 Metaspace       used 57754K, capacity 59030K, committed 59160K, reserved 1099776K
  class space    used 7930K, capacity 8254K, committed 8320K, reserved 1048576K
Event: 12.405 GC heap after
Heap after GC invocations=15 (full 2):
 PSYoungGen      total 348672K, used 36338K [0x0000000780000000, 0x00000007a0600000, 0x00000007c0000000)
  eden space 312320K, 0% used [0x0000000780000000,0x0000000780000000,0x0000000793100000)
  from space 36352K, 99% used [0x0000000793100000,0x000000079547c9d8,0x0000000795480000)
  to   space 54272K, 0% used [0x000000079d100000,0x000000079d100000,0x00000007a0600000)
 ParOldGen       total 175616K, used 89015K [0x0000000700000000, 0x000000070ab80000, 0x0000000780000000)
  object space 175616K, 50% used [0x0000000700000000,0x00000007056edcc8,0x000000070ab80000)
 Metaspace       used 57754K, capacity 59030K, committed 59160K, reserved 1099776K
  class space    used 7930K, capacity 8254K, committed 8320K, reserved 1048576K
}
Event: 12.405 GC heap before
{Heap before GC invocations=16 (full 3):
 PSYoungGen      total 348672K, used 36338K [0x0000000780000000, 0x00000007a0600000, 0x00000007c0000000)
  eden space 312320K, 0% used [0x0000000780000000,0x0000000780000000,0x0000000793100000)
  from space 36352K, 99% used [0x0000000793100000,0x000000079547c9d8,0x0000000795480000)
  to   space 54272K, 0% used [0x000000079d100000,0x000000079d100000,0x00000007a0600000)
 ParOldGen       total 175616K, used 89015K [0x0000000700000000, 0x000000070ab80000, 0x0000000780000000)
  object space 175616K, 50% used [0x0000000700000000,0x00000007056edcc8,0x000000070ab80000)
 Metaspace       used 57754K, capacity 59030K, committed 59160K, reserved 1099776K
  class space    used 7930K, capacity 8254K, committed 8320K, reserved 1048576K
Event: 12.547 GC heap after
Heap after GC invocations=16 (full 3):
 PSYoungGen      total 348672K, used 0K [0x0000000780000000, 0x00000007a0600000, 0x00000007c0000000)
  eden space 312320K, 0% used [0x0000000780000000,0x0000000780000000,0x0000000793100000)
  from space 36352K, 0% used [0x0000000793100000,0x0000000793100000,0x0000000795480000)
  to   space 54272K, 0% used [0x000000079d100000,0x000000079d100000,0x00000007a0600000)
 ParOldGen       total 310784K, used 93127K [0x0000000700000000, 0x0000000712f80000, 0x0000000780000000)
  object space 310784K, 29% used [0x0000000700000000,0x0000000705af1d78,0x0000000712f80000)
 Metaspace       used 57739K, capacity 58988K, committed 59160K, reserved 1099776K
  class space    used 7925K, capacity 8245K, committed 8320K, reserved 1048576K
}
Event: 15.562 GC heap before
{Heap before GC invocations=17 (full 3):
 PSYoungGen      total 348672K, used 312320K [0x0000000780000000, 0x00000007a0600000, 0x00000007c0000000)
  eden space 312320K, 100% used [0x0000000780000000,0x0000000793100000,0x0000000793100000)
  from space 36352K, 0% used [0x0000000793100000,0x0000000793100000,0x0000000795480000)
  to   space 54272K, 0% used [0x000000079d100000,0x000000079d100000,0x00000007a0600000)
 ParOldGen       total 310784K, used 93127K [0x0000000700000000, 0x0000000712f80000, 0x0000000780000000)
  object space 310784K, 29% used [0x0000000700000000,0x0000000705af1d78,0x0000000712f80000)
 Metaspace       used 65548K, capacity 66830K, committed 67072K, reserved 1107968K
  class space    used 8858K, capacity 9188K, committed 9216K, reserved 1048576K
Event: 15.580 GC heap after
Heap after GC invocations=17 (full 3):
 PSYoungGen      total 459776K, used 36693K [0x0000000780000000, 0x00000007a0000000, 0x00000007c0000000)
  eden space 411648K, 0% used [0x0000000780000000,0x0000000780000000,0x0000000799200000)
  from space 48128K, 76% used [0x000000079d100000,0x000000079f4d5478,0x00000007a0000000)
  to   space 56320K, 0% used [0x0000000799200000,0x0000000799200000,0x000000079c900000)
 ParOldGen       total 310784K, used 93135K [0x0000000700000000, 0x0000000712f80000, 0x0000000780000000)
  object space 310784K, 29% used [0x0000000700000000,0x0000000705af3d78,0x0000000712f80000)
 Metaspace       used 65548K, capacity 66830K, committed 67072K, reserved 1107968K
  class space    used 8858K, capacity 9188K, committed 9216K, reserved 1048576K
}
Event: 17.581 GC heap before
{Heap before GC invocations=18 (full 3):
 PSYoungGen      total 459776K, used 448170K [0x0000000780000000, 0x00000007a0000000, 0x00000007c0000000)
  eden space 411648K, 99% used [0x0000000780000000,0x00000007991d56a0,0x0000000799200000)
  from space 48128K, 76% used [0x000000079d100000,0x000000079f4d5478,0x00000007a0000000)
  to   space 56320K, 0% used [0x0000000799200000,0x0000000799200000,0x000000079c900000)
 ParOldGen       total 310784K, used 93135K [0x0000000700000000, 0x0000000712f80000, 0x0000000780000000)
  object space 310784K, 29% used [0x0000000700000000,0x0000000705af3d78,0x0000000712f80000)
 Metaspace       used 65897K, capacity 67218K, committed 67456K, reserved 1107968K
  class space    used 8890K, capacity 9226K, committed 9344K, reserved 1048576K
Event: 17.597 GC heap after
Heap after GC invocations=18 (full 3):
 PSYoungGen      total 467968K, used 38209K [0x0000000780000000, 0x00000007a7b80000, 0x00000007c0000000)
  eden space 411648K, 0% used [0x0000000780000000,0x0000000780000000,0x0000000799200000)
  from space 56320K, 67% used [0x0000000799200000,0x000000079b750600,0x000000079c900000)
  to   space 58368K, 0% used [0x00000007a4280000,0x00000007a4280000,0x00000007a7b80000)
 ParOldGen       total 310784K, used 93143K [0x0000000700000000, 0x0000000712f80000, 0x0000000780000000)
  object space 310784K, 29% used [0x0000000700000000,0x0000000705af5d78,0x0000000712f80000)
 Metaspace       used 65897K, capacity 67218K, committed 67456K, reserved 1107968K
  class space    used 8890K, capacity 9226K, committed 9344K, reserved 1048576K
}
Event: 18.435 GC heap before
{Heap before GC invocations=19 (full 3):
 PSYoungGen      total 467968K, used 449857K [0x0000000780000000, 0x00000007a7b80000, 0x00000007c0000000)
  eden space 411648K, 100% used [0x0000000780000000,0x0000000799200000,0x0000000799200000)
  from space 56320K, 67% used [0x0000000799200000,0x000000079b750600,0x000000079c900000)
  to   space 58368K, 0% used [0x00000007a4280000,0x00000007a4280000,0x00000007a7b80000)
 ParOldGen       total 310784K, used 93143K [0x0000000700000000, 0x0000000712f80000, 0x0000000780000000)
  object space 310784K, 29% used [0x0000000700000000,0x0000000705af5d78,0x0000000712f80000)
 Metaspace       used 65897K, capacity 67218K, committed 67456K, reserved 1107968K
  class space    used 8890K, capacity 9226K, committed 9344K, reserved 1048576K
Event: 18.450 GC heap after
Heap after GC invocations=19 (full 3):
 PSYoungGen      total 592384K, used 35339K [0x0000000780000000, 0x00000007a7e00000, 0x00000007c0000000)
  eden space 534016K, 0% used [0x0000000780000000,0x0000000780000000,0x00000007a0980000)
  from space 58368K, 60% used [0x00000007a4280000,0x00000007a6502ff0,0x00000007a7b80000)
  to   space 58368K, 0% used [0x00000007a0980000,0x00000007a0980000,0x00000007a4280000)
 ParOldGen       total 310784K, used 93143K [0x0000000700000000, 0x0000000712f80000, 0x0000000780000000)
  object space 310784K, 29% used [0x0000000700000000,0x0000000705af5d78,0x0000000712f80000)
 Metaspace       used 65897K, capacity 67218K, committed 67456K, reserved 1107968K
  class space    used 8890K, capacity 9226K, committed 9344K, reserved 1048576K
}

Deoptimization events (10 events):
Event: 20.762 Thread 0x000001f8a3787000 Uncommon trap: reason=unstable_if action=reinterpret pc=0x000001f8898dc524 method=com.google.common.cache.LocalCache$Segment.expireEntries(J)V @ 84
Event: 20.773 Thread 0x000001f8a6d8a800 Uncommon trap: reason=bimorphic action=maybe_recompile pc=0x000001f888c24cd4 method=java.lang.StringCoding$StringDecoder.charsetName()Ljava/lang/String; @ 17
Event: 20.786 Thread 0x000001f8a6d8a800 Uncommon trap: reason=array_check action=maybe_recompile pc=0x000001f889b344e4 method=java.util.ComparableTimSort.reverseRange([Ljava/lang/Object;II)V @ 20
Event: 20.792 Thread 0x000001f8a6d91000 Uncommon trap: reason=unstable_if action=reinterpret pc=0x000001f889b366dc method=java.util.HashMap.putMapEntries(Ljava/util/Map;Z)V @ 73
Event: 21.045 Thread 0x000001f8a20dd800 Uncommon trap: reason=speculate_class_check action=maybe_recompile pc=0x000001f888adb978 method=java.util.AbstractList.listIterator()Ljava/util/ListIterator; @ 2
Event: 24.223 Thread 0x000001f8a2c54800 Uncommon trap: reason=class_check action=maybe_recompile pc=0x000001f88866be58 method=java.lang.ThreadLocal.setInitialValue()Ljava/lang/Object; @ 31
Event: 31.047 Thread 0x000001f8a20dd800 Uncommon trap: reason=speculate_class_check action=maybe_recompile pc=0x000001f888adb978 method=java.util.AbstractList.listIterator()Ljava/util/ListIterator; @ 2
Event: 37.565 Thread 0x000001f8a3781800 Uncommon trap: reason=unstable_if action=reinterpret pc=0x000001f887b79a24 method=org.gradle.internal.logging.text.AbstractLineChoppingStyledTextOutput$2.execute(Lorg/gradle/internal/logging/text/AbstractLineChoppingStyledTextOutput$StateContext;)V @ 30
Event: 37.565 Thread 0x000001f8a3781800 Uncommon trap: reason=unstable_if action=reinterpret pc=0x000001f887af44e0 method=org.gradle.internal.logging.text.AbstractLineChoppingStyledTextOutput$2.execute(Lorg/gradle/internal/logging/text/AbstractLineChoppingStyledTextOutput$StateContext;)V @ 30
Event: 41.039 Thread 0x000001f8a20dd800 Uncommon trap: reason=speculate_class_check action=maybe_recompile pc=0x000001f888adb978 method=java.util.AbstractList.listIterator()Ljava/util/ListIterator; @ 2

Classes redefined (0 events):
No events

Internal exceptions (10 events):
Event: 13.053 Thread 0x000001f8a6d8a800 Implicit null exception at 0x000001f8890b57b9 to 0x000001f8890b5dcd
Event: 13.053 Thread 0x000001f8a6d8a800 Implicit null exception at 0x000001f888e00747 to 0x000001f888e01319
Event: 16.250 Thread 0x000001f8a6d8a800 Exception <a 'java/lang/NoSuchMethodError': <clinit>> (0x00000007826f4068) thrown at [J:\jenkins\tmp\workspace\build\src\hotspot\src\share\vm\prims\jni.cpp, line 1616]
Event: 16.251 Thread 0x000001f8a6d8a800 Exception <a 'java/lang/NoSuchMethodError': <clinit>> (0x000000078270e300) thrown at [J:\jenkins\tmp\workspace\build\src\hotspot\src\share\vm\prims\jni.cpp, line 1616]
Event: 16.251 Thread 0x000001f8a6d8a800 Exception <a 'java/lang/NoSuchMethodError': <clinit>> (0x000000078270fbb0) thrown at [J:\jenkins\tmp\workspace\build\src\hotspot\src\share\vm\prims\jni.cpp, line 1616]
Event: 16.251 Thread 0x000001f8a6d8a800 Exception <a 'java/lang/NoSuchMethodError': <clinit>> (0x00000007827112c8) thrown at [J:\jenkins\tmp\workspace\build\src\hotspot\src\share\vm\prims\jni.cpp, line 1616]
Event: 18.626 Thread 0x000001f8a6d8a800 Exception <a 'java/lang/ClassNotFoundException': org/gradle/api/internal/file/UnionFileCollectionBeanInfo> (0x00000007839eb3b0) thrown at [J:\jenkins\tmp\workspace\build\src\hotspot\src\share\vm\classfile\systemDictionary.cpp, line 217]
Event: 18.626 Thread 0x000001f8a6d8a800 Exception <a 'java/lang/ClassNotFoundException': org/gradle/api/internal/file/UnionFileCollectionCustomizer> (0x00000007839fef80) thrown at [J:\jenkins\tmp\workspace\build\src\hotspot\src\share\vm\classfile\systemDictionary.cpp, line 217]
Event: 20.775 Thread 0x000001f8a6d8a800 Exception <a 'java/lang/ClassNotFoundException': com/intellij/openapi/externalSystem/rt/execution/ForkedDebuggerHelperBeanInfo> (0x000000078acf0530) thrown at [J:\jenkins\tmp\workspace\build\src\hotspot\src\share\vm\classfile\systemDictionary.cpp, line 21
Event: 20.776 Thread 0x000001f8a6d8a800 Exception <a 'java/lang/ClassNotFoundException': com/intellij/openapi/externalSystem/rt/execution/ForkedDebuggerHelperCustomizer> (0x000000078acf6838) thrown at [J:\jenkins\tmp\workspace\build\src\hotspot\src\share\vm\classfile\systemDictionary.cpp, line 

Events (10 events):
Event: 31.047 Thread 0x000001f8a20dd800 DEOPT UNPACKING pc=0x000001f887735583 sp=0x000000d38fefec58 mode 2
Event: 37.565 Thread 0x000001f8a3781800 Uncommon trap: trap_request=0xffffff65 fr.pc=0x000001f887b79a24
Event: 37.565 Thread 0x000001f8a3781800 DEOPT PACKING pc=0x000001f887b79a24 sp=0x000000d392dfe890
Event: 37.565 Thread 0x000001f8a3781800 DEOPT UNPACKING pc=0x000001f887735583 sp=0x000000d392dfe730 mode 2
Event: 37.565 Thread 0x000001f8a3781800 Uncommon trap: trap_request=0xffffff65 fr.pc=0x000001f887af44e0
Event: 37.565 Thread 0x000001f8a3781800 DEOPT PACKING pc=0x000001f887af44e0 sp=0x000000d392dfe840
Event: 37.565 Thread 0x000001f8a3781800 DEOPT UNPACKING pc=0x000001f887735583 sp=0x000000d392dfe718 mode 2
Event: 41.039 Thread 0x000001f8a20dd800 Uncommon trap: trap_request=0xffffff76 fr.pc=0x000001f888adb978
Event: 41.039 Thread 0x000001f8a20dd800 DEOPT PACKING pc=0x000001f888adb978 sp=0x000000d38fefece0
Event: 41.039 Thread 0x000001f8a20dd800 DEOPT UNPACKING pc=0x000001f887735583 sp=0x000000d38fefec58 mode 2


Dynamic libraries:
0x00007ff741b50000 - 0x00007ff741b8a000 	C:\Program Files\AdoptOpenJDK\jdk-8.0.282.8-hotspot\bin\java.exe
0x00007ff9930b0000 - 0x00007ff9932a5000 	C:\WINDOWS\SYSTEM32\ntdll.dll
0x00007ff992d70000 - 0x00007ff992e2d000 	C:\WINDOWS\System32\KERNEL32.DLL
0x00007ff990940000 - 0x00007ff990c09000 	C:\WINDOWS\System32\KERNELBASE.dll
0x00007ff991de0000 - 0x00007ff991e8c000 	C:\WINDOWS\System32\ADVAPI32.dll
0x00007ff992c20000 - 0x00007ff992cbe000 	C:\WINDOWS\System32\msvcrt.dll
0x00007ff992b80000 - 0x00007ff992c1b000 	C:\WINDOWS\System32\sechost.dll
0x00007ff991880000 - 0x00007ff9919aa000 	C:\WINDOWS\System32\RPCRT4.dll
0x00007ff991e90000 - 0x00007ff992030000 	C:\WINDOWS\System32\USER32.dll
0x00007ff9910f0000 - 0x00007ff991112000 	C:\WINDOWS\System32\win32u.dll
0x00007ff993040000 - 0x00007ff99306a000 	C:\WINDOWS\System32\GDI32.dll
0x00007ff990f40000 - 0x00007ff99104b000 	C:\WINDOWS\System32\gdi32full.dll
0x00007ff991050000 - 0x00007ff9910ed000 	C:\WINDOWS\System32\msvcp_win.dll
0x00007ff9907f0000 - 0x00007ff9908f0000 	C:\WINDOWS\System32\ucrtbase.dll
0x00007ff985c80000 - 0x00007ff985f1a000 	C:\WINDOWS\WinSxS\amd64_microsoft.windows.common-controls_6595b64144ccf1df_6.0.19041.1110_none_60b5254171f9507e\COMCTL32.dll
0x00007ff991120000 - 0x00007ff991150000 	C:\WINDOWS\System32\IMM32.DLL
0x00007ff9586a0000 - 0x00007ff95878f000 	C:\Program Files\AdoptOpenJDK\jdk-8.0.282.8-hotspot\jre\bin\msvcr120.dll
0x00007ff9653d0000 - 0x00007ff965476000 	C:\Program Files\AdoptOpenJDK\jdk-8.0.282.8-hotspot\jre\bin\msvcp120.dll
0x000000005fae0000 - 0x000000006034a000 	C:\Program Files\AdoptOpenJDK\jdk-8.0.282.8-hotspot\jre\bin\server\jvm.dll
0x00007ff991150000 - 0x00007ff991158000 	C:\WINDOWS\System32\PSAPI.DLL
0x00007ff986ef0000 - 0x00007ff986f17000 	C:\WINDOWS\SYSTEM32\WINMM.dll
0x00007ff98dff0000 - 0x00007ff98dff9000 	C:\WINDOWS\SYSTEM32\WSOCK32.dll
0x00007ff98a910000 - 0x00007ff98a91a000 	C:\WINDOWS\SYSTEM32\VERSION.dll
0x00007ff992030000 - 0x00007ff99209b000 	C:\WINDOWS\System32\WS2_32.dll
0x00007ff97b870000 - 0x00007ff97b87f000 	C:\Program Files\AdoptOpenJDK\jdk-8.0.282.8-hotspot\jre\bin\verify.dll
0x00007ff975920000 - 0x00007ff975949000 	C:\Program Files\AdoptOpenJDK\jdk-8.0.282.8-hotspot\jre\bin\java.dll
0x00007ff970fa0000 - 0x00007ff970fd5000 	C:\Program Files\AdoptOpenJDK\jdk-8.0.282.8-hotspot\jre\bin\jdwp.dll
0x00007ff977dc0000 - 0x00007ff977dc8000 	C:\Program Files\AdoptOpenJDK\jdk-8.0.282.8-hotspot\jre\bin\npt.dll
0x00007ff9718b0000 - 0x00007ff9718c6000 	C:\Program Files\AdoptOpenJDK\jdk-8.0.282.8-hotspot\jre\bin\zip.dll
0x00007ff992440000 - 0x00007ff992b7f000 	C:\WINDOWS\System32\SHELL32.dll
0x00007ff98e940000 - 0x00007ff98f0d1000 	C:\WINDOWS\SYSTEM32\windows.storage.dll
0x00007ff991a80000 - 0x00007ff991dd5000 	C:\WINDOWS\System32\combase.dll
0x00007ff990260000 - 0x00007ff99028c000 	C:\WINDOWS\SYSTEM32\Wldp.dll
0x00007ff992cc0000 - 0x00007ff992d6e000 	C:\WINDOWS\System32\SHCORE.dll
0x00007ff992fd0000 - 0x00007ff993025000 	C:\WINDOWS\System32\shlwapi.dll
0x00007ff990730000 - 0x00007ff99074f000 	C:\WINDOWS\SYSTEM32\profapi.dll
0x00007ff976580000 - 0x00007ff976589000 	C:\Program Files\AdoptOpenJDK\jdk-8.0.282.8-hotspot\jre\bin\dt_socket.dll
0x00007ff98ffc0000 - 0x00007ff99002a000 	C:\WINDOWS\system32\mswsock.dll
0x00007ff970fe0000 - 0x00007ff970ffa000 	C:\Program Files\AdoptOpenJDK\jdk-8.0.282.8-hotspot\jre\bin\net.dll
0x00007ff96fac0000 - 0x00007ff96fad2000 	C:\Program Files\AdoptOpenJDK\jdk-8.0.282.8-hotspot\jre\bin\nio.dll
0x00007ff97b890000 - 0x00007ff97b8ae000 	C:\Users\Eigenaar\.gradle\native\25\windows-amd64\native-platform.dll
0x00007ff97a940000 - 0x00007ff97a94d000 	C:\Program Files\AdoptOpenJDK\jdk-8.0.282.8-hotspot\jre\bin\management.dll
0x00007ff9901a0000 - 0x00007ff9901b8000 	C:\WINDOWS\SYSTEM32\CRYPTSP.dll
0x00007ff98f8f0000 - 0x00007ff98f924000 	C:\WINDOWS\system32\rsaenh.dll
0x00007ff990f10000 - 0x00007ff990f37000 	C:\WINDOWS\System32\bcrypt.dll
0x00007ff9906b0000 - 0x00007ff9906de000 	C:\WINDOWS\SYSTEM32\USERENV.dll
0x00007ff990c10000 - 0x00007ff990c93000 	C:\WINDOWS\System32\bcryptprimitives.dll
0x00007ff9901c0000 - 0x00007ff9901cc000 	C:\WINDOWS\SYSTEM32\CRYPTBASE.dll
0x00007ff98fc60000 - 0x00007ff98fc9b000 	C:\WINDOWS\SYSTEM32\IPHLPAPI.DLL
0x00007ff993030000 - 0x00007ff993038000 	C:\WINDOWS\System32\NSI.dll
0x00007ff98aed0000 - 0x00007ff98aee7000 	C:\WINDOWS\SYSTEM32\dhcpcsvc6.DLL
0x00007ff98ae70000 - 0x00007ff98ae8d000 	C:\WINDOWS\SYSTEM32\dhcpcsvc.DLL
0x00007ff98fcb0000 - 0x00007ff98fd7c000 	C:\WINDOWS\SYSTEM32\DNSAPI.dll
0x00007ff96fa90000 - 0x00007ff96fab3000 	C:\Program Files\AdoptOpenJDK\jdk-8.0.282.8-hotspot\jre\bin\sunec.dll
0x00007ff9810d0000 - 0x00007ff9810da000 	C:\Windows\System32\rasadhlp.dll
0x00007ff980eb0000 - 0x00007ff980f2f000 	C:\WINDOWS\System32\fwpuclnt.dll
0x00007ff978d50000 - 0x00007ff978d5c000 	C:\Program Files\AdoptOpenJDK\jdk-8.0.282.8-hotspot\jre\bin\sunmscapi.dll
0x00007ff990db0000 - 0x00007ff990f0f000 	C:\WINDOWS\System32\CRYPT32.dll
0x00007ff9902d0000 - 0x00007ff9902f7000 	C:\WINDOWS\SYSTEM32\ncrypt.dll
0x00007ff990290000 - 0x00007ff9902cb000 	C:\WINDOWS\SYSTEM32\NTASN1.dll
0x00007ff9649f0000 - 0x00007ff964a07000 	C:\WINDOWS\system32\napinsp.dll
0x00007ff9646a0000 - 0x00007ff9646bb000 	C:\WINDOWS\system32\pnrpnsp.dll
0x00007ff970e30000 - 0x00007ff970e45000 	C:\WINDOWS\system32\wshbth.dll
0x00007ff98d790000 - 0x00007ff98d7ad000 	C:\WINDOWS\system32\NLAapi.dll
0x00007ff9642b0000 - 0x00007ff9642c2000 	C:\WINDOWS\System32\winrnr.dll

VM Arguments:
jvm_args: -agentlib:jdwp=transport=dt_socket,server=n,suspend=y,address=65078 -Xmx3G -Dfile.encoding=windows-1252 -Duser.country=NL -Duser.language=nl -Duser.variant 
java_command: org.gradle.launcher.daemon.bootstrap.GradleDaemon 4.10.3
java_class_path (initial): C:\Users\Eigenaar\.gradle\wrapper\dists\gradle-4.10.3-bin\31t79e2qsceia4mkbojplrgx\gradle-4.10.3\lib\gradle-launcher-4.10.3.jar
Launcher Type: SUN_STANDARD

Environment Variables:
PATH=C:\Program Files\AdoptOpenJDK\jdk-8.0.282.8-hotspot\bin;C:\Program Files (x86)\Common Files\Oracle\Java\javapath;C:\Program Files\Microsoft MPI\Bin\;C:\WINDOWS\system32;C:\WINDOWS;C:\WINDOWS\System32\Wbem;C:\WINDOWS\System32\WindowsPowerShell\v1.0\;C:\WINDOWS\System32\OpenSSH\;C:\Program Files (x86)\NVIDIA Corporation\PhysX\Common;C:\Program Files\NVIDIA Corporation\NVIDIA NvDLISR;C:\Program Files\Microsoft SQL Server\130\Tools\Binn\;C:\WINDOWS\system32;C:\WINDOWS;C:\WINDOWS\System32\Wbem;C:\WINDOWS\System32\WindowsPowerShell\v1.0\;C:\WINDOWS\System32\OpenSSH\;C:\Program Files\Git\cmd;C:\Users\Eigenaar\AppData\Local\Microsoft\WindowsApps;C:\Users\Eigenaar\AppData\Local\Programs\Microsoft VS Code\bin;C:\Program Files\Salesforce CLI\bin;C:\Users\Eigenaar\AppData\Local\GitHubDesktop\bin
USERNAME=Eigenaar
OS=Windows_NT
PROCESSOR_IDENTIFIER=AMD64 Family 23 Model 8 Stepping 2, AuthenticAMD



---------------  S Y S T E M  ---------------

OS: Windows 10.0 , 64 bit Build 19041 (10.0.19041.1023)

CPU:total 12 (initial active 12) (12 cores per cpu, 1 threads per core) family 23 model 8 stepping 2, cmov, cx8, fxsr, mmx, sse, sse2, sse3, ssse3, sse4.1, sse4.2, popcnt, avx, avx2, aes, clmul, mmxext, 3dnowpref, lzcnt, sse4a, tsc, tscinvbit, tscinv, bmi1

Memory: 4k page, physical 16727220k(2533864k free), swap 30934336k(5124k free)

vm_info: OpenJDK 64-Bit Server VM (25.282-b08) for windows-amd64 JRE (1.8.0_282-b08), built on Jan 20 2021 11:42:17 by "jenkins" with MS VC++ 12.0 (VS2013)

time: Tue Jul 20 12:16:20 2021
timezone: West-Europa (zomertijd)
elapsed time: 43.582047 seconds (0d 0h 0m 43s)

