#
# A fatal error has been detected by the Java Runtime Environment:
#
#  EXCEPTION_ACCESS_VIOLATION (0xc0000005) at pc=0x0000000054fc0ba1, pid=1328, tid=0x0000000000002338
#
# JRE version: OpenJDK Runtime Environment (8.0_275-b01) (build 1.8.0_275-b01)
# Java VM: OpenJDK 64-Bit Server VM (25.275-b01 mixed mode windows-amd64 compressed oops)
# Problematic frame:
# V  [jvm.dll+0x4d0ba1]
#
# Failed to write core dump. Minidumps are not enabled by default on client versions of Windows
#
# If you would like to submit a bug report, please visit:
#   https://github.com/AdoptOpenJDK/openjdk-support/issues
#

---------------  T H R E A D  ---------------

Current thread (0x000001913445c000):  JavaThread "C2 CompilerThread1" daemon [_thread_in_native, id=9016, stack(0x0000000c6bb00000,0x0000000c6bc00000)]

siginfo: ExceptionCode=0xc0000005, reading address 0x0000019115c88740

Registers:
RAX=0x0000019115c88740, RBX=0x0000000000000001, RCX=0x0000019135c88708, RDX=0x0000000c6bbfc550
RSP=0x0000000c6bbfb8a0, RBP=0x0000000000000682, RSI=0x0000019135c88708, RDI=0x0000019135c88708
R8 =0x00000000008f7001, R9 =0x0000000000000013, R10=0x000001913d7bc230, R11=0x000001913e059320
R12=0x0000000000000000, R13=0x0000019134453410, R14=0x0000000c6bbfc550, R15=0x0000000000000683
RIP=0x0000000054fc0ba1, EFLAGS=0x0000000000010206

Top of Stack: (sp=0x0000000c6bbfb8a0)
0x0000000c6bbfb8a0:   0000000000000000 0000000054fd7fe7
0x0000000c6bbfb8b0:   0000019138d66080 0000000000000682
0x0000000c6bbfb8c0:   0000000c6bbfc550 0000000054fb282f
0x0000000c6bbfb8d0:   0000000000000001 0000019134453410
0x0000000c6bbfb8e0:   0000000000000000 0000019137826660
0x0000000c6bbfb8f0:   0000019137826618 0000000054fd9423
0x0000000c6bbfb900:   0000019135c88708 0000019135c88708
0x0000000c6bbfb910:   0000000c6bbfc550 0000019138994420
0x0000000c6bbfb920:   0000000000000683 0000000c6bbfc550
0x0000000c6bbfb930:   0000019135c88708 0000000054fd83fd
0x0000000c6bbfb940:   0000000000000682 00000191378268f8
0x0000000c6bbfb950:   0000000c6bbfcf50 000001913d6143b0
0x0000000c6bbfb960:   0000000c6bbfe670 0000000000000001
0x0000000c6bbfb970:   000001913d6143b0 0000000054fa6d4a
0x0000000c6bbfb980:   000001911d02cc60 0000000c6bbfbaa0
0x0000000c6bbfb990:   0000000c6bbfe670 0000000000000000 

Instructions: (pc=0x0000000054fc0ba1)
0x0000000054fc0b81:   eb af cc cc cc cc cc cc cc cc cc cc cc cc cc 48
0x0000000054fc0b91:   89 5c 24 08 57 48 83 ec 20 48 8b 41 08 48 8b f9
0x0000000054fc0ba1:   48 8b 18 48 85 db 74 20 45 84 c0 74 28 48 83 7b
0x0000000054fc0bb1:   10 00 75 21 48 8b 02 48 8b ca ff 50 18 48 8b cf 


Register to memory mapping:

RAX=0x0000019115c88740 is an unknown value
RBX=0x0000000000000001 is an unknown value
RCX=0x0000019135c88708 is an unknown value
RDX=0x0000000c6bbfc550 is pointing into the stack for thread: 0x000001913445c000
RSP=0x0000000c6bbfb8a0 is pointing into the stack for thread: 0x000001913445c000
RBP=0x0000000000000682 is an unknown value
RSI=0x0000019135c88708 is an unknown value
RDI=0x0000019135c88708 is an unknown value
R8 =0x00000000008f7001 is an unknown value
R9 =0x0000000000000013 is an unknown value
R10=0x000001913d7bc230 is an unknown value
R11=0x000001913e059320 is an unknown value
R12=0x0000000000000000 is an unknown value
R13=0x0000019134453410 is an unknown value
R14=0x0000000c6bbfc550 is pointing into the stack for thread: 0x000001913445c000
R15=0x0000000000000683 is an unknown value


Stack: [0x0000000c6bb00000,0x0000000c6bc00000],  sp=0x0000000c6bbfb8a0,  free space=1006k
Native frames: (J=compiled Java code, j=interpreted, Vv=VM code, C=native code)
V  [jvm.dll+0x4d0ba1]
V  [jvm.dll+0x4c282f]
V  [jvm.dll+0x4e9423]
V  [jvm.dll+0x4e83fd]
V  [jvm.dll+0x4b6d4a]
V  [jvm.dll+0x447199]
V  [jvm.dll+0x444a2f]
V  [jvm.dll+0x430ab7]
V  [jvm.dll+0x8390c]
V  [jvm.dll+0x823bf]
V  [jvm.dll+0x2137df]
V  [jvm.dll+0x2648ea]
C  [msvcr120.dll+0x24f7f]
C  [msvcr120.dll+0x25126]
C  [KERNEL32.DLL+0x17034]
C  [ntdll.dll+0x52651]


Current CompileTask:
C2:   6496 4434 %     4       java.io.WinNTFileSystem::normalize @ 22 (143 bytes)


---------------  P R O C E S S  ---------------

Java Threads: ( => current thread )
  0x0000019137424000 JavaThread "Cache worker for file content cache (E:\Feywild\.gradle\4.10.3\fileContent)" [_thread_blocked, id=15060, stack(0x0000000c6d500000,0x0000000c6d600000)]
  0x0000019137425800 JavaThread "Cache worker for file content cache (C:\Users\Mihai\.gradle\caches\4.10.3\fileContent)" [_thread_blocked, id=1828, stack(0x0000000c6d400000,0x0000000c6d500000)]
  0x0000019137428000 JavaThread "Memory manager" [_thread_blocked, id=9124, stack(0x0000000c6d300000,0x0000000c6d400000)]
  0x0000019137426800 JavaThread "Keep-Alive-Timer" daemon [_thread_blocked, id=15472, stack(0x0000000c6d200000,0x0000000c6d300000)]
  0x0000019137429800 JavaThread "Build operations Thread 4" [_thread_blocked, id=11088, stack(0x0000000c6d100000,0x0000000c6d200000)]
  0x000001913742a800 JavaThread "Build operations Thread 3" [_thread_blocked, id=3684, stack(0x0000000c6d000000,0x0000000c6d100000)]
  0x00000191366ac800 JavaThread "Build operations Thread 2" [_thread_blocked, id=2928, stack(0x0000000c6cf00000,0x0000000c6d000000)]
  0x00000191366ac000 JavaThread "Build operations" [_thread_blocked, id=264, stack(0x0000000c6ce00000,0x0000000c6cf00000)]
  0x00000191366a9800 JavaThread "Cache worker for Artifact transforms cache (C:\Users\Mihai\.gradle\caches\transforms-1)" [_thread_blocked, id=6152, stack(0x0000000c6cd00000,0x0000000c6ce00000)]
  0x00000191366aa800 JavaThread "Cache worker for cache directory md-rule (C:\Users\Mihai\.gradle\caches\4.10.3\md-rule)" [_thread_blocked, id=6280, stack(0x0000000c6cc00000,0x0000000c6cd00000)]
  0x00000191366b0800 JavaThread "Cache worker for cache directory md-supplier (C:\Users\Mihai\.gradle\caches\4.10.3\md-supplier)" [_thread_blocked, id=3244, stack(0x0000000c6cb00000,0x0000000c6cc00000)]
  0x00000191366ae800 JavaThread "Cache worker for journal cache (C:\Users\Mihai\.gradle\caches\journal-1)" [_thread_blocked, id=3484, stack(0x0000000c6ca00000,0x0000000c6cb00000)]
  0x00000191366b0000 JavaThread "Cache worker for file hash cache (E:\Feywild\.gradle\4.10.3\fileHashes)" [_thread_blocked, id=6332, stack(0x0000000c6c900000,0x0000000c6ca00000)]
  0x0000019135b48000 JavaThread "File lock request listener" [_thread_in_native, id=7200, stack(0x0000000c6c800000,0x0000000c6c900000)]
  0x0000019136f62800 JavaThread "Cache worker for file hash cache (C:\Users\Mihai\.gradle\caches\4.10.3\fileHashes)" [_thread_blocked, id=10112, stack(0x0000000c6c700000,0x0000000c6c800000)]
  0x00000191362e2800 JavaThread "Stdin handler" [_thread_blocked, id=4220, stack(0x0000000c6c600000,0x0000000c6c700000)]
  0x0000019135a37800 JavaThread "Asynchronous log dispatcher for DefaultDaemonConnection: socket connection from /127.0.0.1:51271 to /127.0.0.1:51272" [_thread_blocked, id=6276, stack(0x0000000c6c500000,0x0000000c6c600000)]
  0x0000019135a34800 JavaThread "Daemon worker" [_thread_in_vm, id=15564, stack(0x0000000c6c400000,0x0000000c6c500000)]
  0x000001913550e000 JavaThread "Cancel handler" [_thread_blocked, id=2424, stack(0x0000000c6c300000,0x0000000c6c400000)]
  0x0000019135437000 JavaThread "Handler for socket connection from /127.0.0.1:51271 to /127.0.0.1:51272" [_thread_in_native, id=11756, stack(0x0000000c6c200000,0x0000000c6c300000)]
  0x0000019135436800 JavaThread "Daemon" [_thread_blocked, id=8324, stack(0x0000000c6c100000,0x0000000c6c200000)]
  0x00000191352dc000 JavaThread "Daemon periodic checks" [_thread_blocked, id=6384, stack(0x0000000c6c000000,0x0000000c6c100000)]
  0x00000191352e1800 JavaThread "Incoming local TCP Connector on port 51271" [_thread_in_native, id=13280, stack(0x0000000c6bf00000,0x0000000c6c000000)]
  0x00000191344d1000 JavaThread "Service Thread" daemon [_thread_blocked, id=3516, stack(0x0000000c6bd00000,0x0000000c6be00000)]
  0x000001913445f800 JavaThread "C1 CompilerThread2" daemon [_thread_in_vm, id=13152, stack(0x0000000c6bc00000,0x0000000c6bd00000)]
=>0x000001913445c000 JavaThread "C2 CompilerThread1" daemon [_thread_in_native, id=9016, stack(0x0000000c6bb00000,0x0000000c6bc00000)]
  0x0000019134452000 JavaThread "C2 CompilerThread0" daemon [_thread_in_native, id=4052, stack(0x0000000c6ba00000,0x0000000c6bb00000)]
  0x0000019134443000 JavaThread "JDWP Command Reader" daemon [_thread_in_native, id=12196, stack(0x0000000c6b900000,0x0000000c6ba00000)]
  0x000001913443f800 JavaThread "JDWP Event Helper Thread" daemon [_thread_blocked, id=6412, stack(0x0000000c6b800000,0x0000000c6b900000)]
  0x0000019134429000 JavaThread "JDWP Transport Listener: dt_socket" daemon [_thread_blocked, id=2508, stack(0x0000000c6b700000,0x0000000c6b800000)]
  0x0000019134423000 JavaThread "Attach Listener" daemon [_thread_blocked, id=12220, stack(0x0000000c6b600000,0x0000000c6b700000)]
  0x0000019134422000 JavaThread "Signal Dispatcher" daemon [_thread_blocked, id=1672, stack(0x0000000c6b500000,0x0000000c6b600000)]
  0x0000019133ccd000 JavaThread "Finalizer" daemon [_thread_blocked, id=2284, stack(0x0000000c6b400000,0x0000000c6b500000)]
  0x00000191343f6000 JavaThread "Reference Handler" daemon [_thread_blocked, id=5256, stack(0x0000000c6b300000,0x0000000c6b400000)]
  0x000001911b5b7000 JavaThread "main" [_thread_blocked, id=4340, stack(0x0000000c6ad00000,0x0000000c6ae00000)]

Other Threads:
  0x00000191343d2800 VMThread [stack: 0x0000000c6b200000,0x0000000c6b300000] [id=12876]
  0x00000191344d6000 WatcherThread [stack: 0x0000000c6be00000,0x0000000c6bf00000] [id=8416]

VM state:not at safepoint (normal execution)

VM Mutex/Monitor currently owned by a thread: None

heap address: 0x0000000700000000, size: 3072 MB, Compressed Oops mode: Zero based, Oop shift amount: 3
Narrow klass base: 0x0000000000000000, Narrow klass shift: 3
Compressed class space size: 1073741824 Address: 0x00000007c0000000

Heap:
 PSYoungGen      total 111104K, used 53027K [0x0000000780000000, 0x0000000789680000, 0x00000007c0000000)
  eden space 99328K, 41% used [0x0000000780000000,0x000000078284ace0,0x0000000786100000)
  from space 11776K, 99% used [0x0000000787680000,0x00000007881fe2d8,0x0000000788200000)
  to   space 22016K, 0% used [0x0000000786100000,0x0000000786100000,0x0000000787680000)
 ParOldGen       total 100864K, used 40030K [0x0000000700000000, 0x0000000706280000, 0x0000000780000000)
  object space 100864K, 39% used [0x0000000700000000,0x00000007027178f0,0x0000000706280000)
 Metaspace       used 46070K, capacity 47024K, committed 47152K, reserved 1089536K
  class space    used 6412K, capacity 6696K, committed 6704K, reserved 1048576K

Card table byte_map: [0x000001912c380000,0x000001912c990000] byte_map_base: 0x0000019128b80000

Marking Bits: (ParMarkBitMap*) 0x00000000552d97c0
 Begin Bits: [0x000001912cd90000, 0x000001912fd90000)
 End Bits:   [0x000001912fd90000, 0x0000019132d90000)

Polling page: 0x000001911b7c0000

CodeCache: size=245760Kb used=14646Kb max_used=14921Kb free=231113Kb
 bounds [0x000001911cfc0000, 0x000001911deb0000, 0x000001912bfc0000]
 total_blobs=5030 nmethods=4270 adapters=679
 compilation: enabled

Compilation events (10 events):
Event: 6.478 Thread 0x000001913445f800 nmethod 4604 0x000001911d13ed90 code [0x000001911d13ef00, 0x000001911d13f170]
Event: 6.478 Thread 0x000001913445f800 4605       3       org.gradle.api.internal.artifacts.ivyservice.ivyresolve.DynamicVersionResolver$CandidateResult::<init> (89 bytes)
Event: 6.479 Thread 0x000001913445f800 nmethod 4605 0x000001911d49eed0 code [0x000001911d49f100, 0x000001911d49fe10]
Event: 6.479 Thread 0x000001913445f800 4610       3       java.lang.Long::compare (22 bytes)
Event: 6.479 Thread 0x000001913445f800 nmethod 4610 0x000001911d13e990 code [0x000001911d13eb00, 0x000001911d13ed18]
Event: 6.479 Thread 0x000001913445f800 4609       1       org.gradle.api.internal.artifacts.dependencies.DefaultResolvedVersionConstraint::getPreferredSelector (5 bytes)
Event: 6.479 Thread 0x000001913445f800 nmethod 4609 0x000001911d13e6d0 code [0x000001911d13e820, 0x000001911d13e938]
Event: 6.480 Thread 0x000001913445f800 4612       3       org.gradle.internal.serialize.AbstractDecoder::readBytes (9 bytes)
Event: 6.481 Thread 0x000001913445f800 nmethod 4612 0x000001911d13e250 code [0x000001911d13e3c0, 0x000001911d13e610]
Event: 6.481 Thread 0x000001913445f800 4613       3       org.gradle.internal.resource.ExternalResourceName::encode (338 bytes)

GC Heap History (10 events):
Event: 4.078 GC heap before
{Heap before GC invocations=10 (full 1):
 PSYoungGen      total 76800K, used 28430K [0x0000000780000000, 0x0000000786880000, 0x00000007c0000000)
  eden space 66048K, 30% used [0x0000000780000000,0x00000007813842b0,0x0000000784080000)
  from space 10752K, 78% used [0x0000000784b80000,0x00000007853bf858,0x0000000785600000)
  to   space 11264K, 0% used [0x0000000784080000,0x0000000784080000,0x0000000784b80000)
 ParOldGen       total 68096K, used 9409K [0x0000000700000000, 0x0000000704280000, 0x0000000780000000)
  object space 68096K, 13% used [0x0000000700000000,0x00000007009305a0,0x0000000704280000)
 Metaspace       used 34779K, capacity 35384K, committed 35496K, reserved 1079296K
  class space    used 4846K, capacity 5103K, committed 5168K, reserved 1048576K
Event: 4.099 GC heap after
Heap after GC invocations=10 (full 1):
 PSYoungGen      total 77312K, used 8532K [0x0000000780000000, 0x0000000786c80000, 0x00000007c0000000)
  eden space 66048K, 0% used [0x0000000780000000,0x0000000780000000,0x0000000784080000)
  from space 11264K, 75% used [0x0000000784080000,0x00000007848d5178,0x0000000784b80000)
  to   space 11776K, 0% used [0x0000000786100000,0x0000000786100000,0x0000000786c80000)
 ParOldGen       total 68096K, used 9417K [0x0000000700000000, 0x0000000704280000, 0x0000000780000000)
  object space 68096K, 13% used [0x0000000700000000,0x00000007009325a0,0x0000000704280000)
 Metaspace       used 34779K, capacity 35384K, committed 35496K, reserved 1079296K
  class space    used 4846K, capacity 5103K, committed 5168K, reserved 1048576K
}
Event: 4.100 GC heap before
{Heap before GC invocations=11 (full 2):
 PSYoungGen      total 77312K, used 8532K [0x0000000780000000, 0x0000000786c80000, 0x00000007c0000000)
  eden space 66048K, 0% used [0x0000000780000000,0x0000000780000000,0x0000000784080000)
  from space 11264K, 75% used [0x0000000784080000,0x00000007848d5178,0x0000000784b80000)
  to   space 11776K, 0% used [0x0000000786100000,0x0000000786100000,0x0000000786c80000)
 ParOldGen       total 68096K, used 9417K [0x0000000700000000, 0x0000000704280000, 0x0000000780000000)
  object space 68096K, 13% used [0x0000000700000000,0x00000007009325a0,0x0000000704280000)
 Metaspace       used 34779K, capacity 35384K, committed 35496K, reserved 1079296K
  class space    used 4846K, capacity 5103K, committed 5168K, reserved 1048576K
Event: 4.153 GC heap after
Heap after GC invocations=11 (full 2):
 PSYoungGen      total 77312K, used 0K [0x0000000780000000, 0x0000000786c80000, 0x00000007c0000000)
  eden space 66048K, 0% used [0x0000000780000000,0x0000000780000000,0x0000000784080000)
  from space 11264K, 0% used [0x0000000784080000,0x0000000784080000,0x0000000784b80000)
  to   space 11776K, 0% used [0x0000000786100000,0x0000000786100000,0x0000000786c80000)
 ParOldGen       total 100864K, used 15107K [0x0000000700000000, 0x0000000706280000, 0x0000000780000000)
  object space 100864K, 14% used [0x0000000700000000,0x0000000700ec0e60,0x0000000706280000)
 Metaspace       used 34779K, capacity 35384K, committed 35496K, reserved 1079296K
  class space    used 4846K, capacity 5103K, committed 5168K, reserved 1048576K
}
Event: 5.507 GC heap before
{Heap before GC invocations=12 (full 2):
 PSYoungGen      total 77312K, used 66048K [0x0000000780000000, 0x0000000786c80000, 0x00000007c0000000)
  eden space 66048K, 100% used [0x0000000780000000,0x0000000784080000,0x0000000784080000)
  from space 11264K, 0% used [0x0000000784080000,0x0000000784080000,0x0000000784b80000)
  to   space 11776K, 0% used [0x0000000786100000,0x0000000786100000,0x0000000786c80000)
 ParOldGen       total 100864K, used 15107K [0x0000000700000000, 0x0000000706280000, 0x0000000780000000)
  object space 100864K, 14% used [0x0000000700000000,0x0000000700ec0e60,0x0000000706280000)
 Metaspace       used 41809K, capacity 42546K, committed 42800K, reserved 1085440K
  class space    used 5879K, capacity 6067K, committed 6192K, reserved 1048576K
Event: 5.517 GC heap after
Heap after GC invocations=12 (full 2):
 PSYoungGen      total 91136K, used 6951K [0x0000000780000000, 0x0000000786800000, 0x00000007c0000000)
  eden space 83968K, 0% used [0x0000000780000000,0x0000000780000000,0x0000000785200000)
  from space 7168K, 96% used [0x0000000786100000,0x00000007867c9fc0,0x0000000786800000)
  to   space 11264K, 0% used [0x0000000785200000,0x0000000785200000,0x0000000785d00000)
 ParOldGen       total 100864K, used 15115K [0x0000000700000000, 0x0000000706280000, 0x0000000780000000)
  object space 100864K, 14% used [0x0000000700000000,0x0000000700ec2e60,0x0000000706280000)
 Metaspace       used 41809K, capacity 42546K, committed 42800K, reserved 1085440K
  class space    used 5879K, capacity 6067K, committed 6192K, reserved 1048576K
}
Event: 5.840 GC heap before
{Heap before GC invocations=13 (full 2):
 PSYoungGen      total 91136K, used 90919K [0x0000000780000000, 0x0000000786800000, 0x00000007c0000000)
  eden space 83968K, 100% used [0x0000000780000000,0x0000000785200000,0x0000000785200000)
  from space 7168K, 96% used [0x0000000786100000,0x00000007867c9fc0,0x0000000786800000)
  to   space 11264K, 0% used [0x0000000785200000,0x0000000785200000,0x0000000785d00000)
 ParOldGen       total 100864K, used 15115K [0x0000000700000000, 0x0000000706280000, 0x0000000780000000)
  object space 100864K, 14% used [0x0000000700000000,0x0000000700ec2e60,0x0000000706280000)
 Metaspace       used 42896K, capacity 43736K, committed 43952K, reserved 1087488K
  class space    used 6017K, capacity 6247K, committed 6320K, reserved 1048576K
Event: 5.855 GC heap after
Heap after GC invocations=13 (full 2):
 PSYoungGen      total 95232K, used 9232K [0x0000000780000000, 0x0000000788200000, 0x00000007c0000000)
  eden space 83968K, 0% used [0x0000000780000000,0x0000000780000000,0x0000000785200000)
  from space 11264K, 81% used [0x0000000785200000,0x0000000785b04060,0x0000000785d00000)
  to   space 11776K, 0% used [0x0000000787680000,0x0000000787680000,0x0000000788200000)
 ParOldGen       total 100864K, used 15123K [0x0000000700000000, 0x0000000706280000, 0x0000000780000000)
  object space 100864K, 14% used [0x0000000700000000,0x0000000700ec4e60,0x0000000706280000)
 Metaspace       used 42896K, capacity 43736K, committed 43952K, reserved 1087488K
  class space    used 6017K, capacity 6247K, committed 6320K, reserved 1048576K
}
Event: 6.309 GC heap before
{Heap before GC invocations=14 (full 2):
 PSYoungGen      total 95232K, used 77518K [0x0000000780000000, 0x0000000788200000, 0x00000007c0000000)
  eden space 83968K, 81% used [0x0000000780000000,0x00000007842afb58,0x0000000785200000)
  from space 11264K, 81% used [0x0000000785200000,0x0000000785b04060,0x0000000785d00000)
  to   space 11776K, 0% used [0x0000000787680000,0x0000000787680000,0x0000000788200000)
 ParOldGen       total 100864K, used 15123K [0x0000000700000000, 0x0000000706280000, 0x0000000780000000)
  object space 100864K, 14% used [0x0000000700000000,0x0000000700ec4e60,0x0000000706280000)
 Metaspace       used 45851K, capacity 46812K, committed 46896K, reserved 1089536K
  class space    used 6404K, capacity 6694K, committed 6704K, reserved 1048576K
Event: 6.321 GC heap after
Heap after GC invocations=14 (full 2):
 PSYoungGen      total 111104K, used 11768K [0x0000000780000000, 0x0000000789680000, 0x00000007c0000000)
  eden space 99328K, 0% used [0x0000000780000000,0x0000000780000000,0x0000000786100000)
  from space 11776K, 99% used [0x0000000787680000,0x00000007881fe2d8,0x0000000788200000)
  to   space 22016K, 0% used [0x0000000786100000,0x0000000786100000,0x0000000787680000)
 ParOldGen       total 100864K, used 40030K [0x0000000700000000, 0x0000000706280000, 0x0000000780000000)
  object space 100864K, 39% used [0x0000000700000000,0x00000007027178f0,0x0000000706280000)
 Metaspace       used 45851K, capacity 46812K, committed 46896K, reserved 1089536K
  class space    used 6404K, capacity 6694K, committed 6704K, reserved 1048576K
}

Deoptimization events (10 events):
Event: 4.857 Thread 0x0000019135a34800 Uncommon trap: reason=unstable_if action=reinterpret pc=0x000001911da695e0 method=org.codehaus.groovy.reflection.CachedMethod.compareToMethod(Ljava/lang/reflect/Method;)I @ 111
Event: 5.100 Thread 0x0000019135a34800 Uncommon trap: reason=class_check action=maybe_recompile pc=0x000001911d99c894 method=java.io.BufferedInputStream.read1([BII)I @ 39
Event: 5.101 Thread 0x0000019135a34800 Uncommon trap: reason=class_check action=maybe_recompile pc=0x000001911d99c894 method=java.io.BufferedInputStream.read1([BII)I @ 39
Event: 5.117 Thread 0x0000019135a34800 Uncommon trap: reason=unstable_if action=reinterpret pc=0x000001911d979bd0 method=org.codehaus.groovy.runtime.metaclass.MetaMethodIndex.addMethodToList(Ljava/lang/Object;Lgroovy/lang/MetaMethod;)Ljava/lang/Object; @ 226
Event: 5.190 Thread 0x0000019135a34800 Uncommon trap: reason=unstable_if action=reinterpret pc=0x000001911d836210 method=java.lang.String.lastIndexOf([CII[CIII)I @ 118
Event: 5.252 Thread 0x0000019135a34800 Uncommon trap: reason=class_check action=maybe_recompile pc=0x000001911d62858c method=java.lang.reflect.Method.equals(Ljava/lang/Object;)Z @ 5
Event: 5.254 Thread 0x0000019135a34800 Uncommon trap: reason=class_check action=maybe_recompile pc=0x000001911d62858c method=java.lang.reflect.Method.equals(Ljava/lang/Object;)Z @ 5
Event: 5.472 Thread 0x0000019135a34800 Uncommon trap: reason=unstable_if action=reinterpret pc=0x000001911d2a6560 method=java.util.HashMap.resize()[Ljava/util/HashMap$Node; @ 206
Event: 5.473 Thread 0x0000019135a34800 Uncommon trap: reason=unstable_if action=reinterpret pc=0x000001911db7d828 method=java.util.HashMap.putVal(ILjava/lang/Object;Ljava/lang/Object;ZZ)Ljava/lang/Object; @ 109
Event: 6.162 Thread 0x0000019135a34800 Uncommon trap: reason=unstable_if action=reinterpret pc=0x000001911d87f1e4 method=java.util.regex.Pattern$BmpCharProperty.match(Ljava/util/regex/Matcher;ILjava/lang/CharSequence;)Z @ 34

Classes redefined (0 events):
No events

Internal exceptions (10 events):
Event: 5.874 Thread 0x0000019135a34800 Exception <a 'java/lang/ClassNotFoundException': org/gradle/api/tasks/bundling/JarCustomizer> (0x000000078048d258) thrown at [J:\jenkins\tmp\workspace\build\src\hotspot\src\share\vm\classfile\systemDictionary.cpp, line 217]
Event: 5.875 Thread 0x0000019135a34800 Exception <a 'java/lang/ClassNotFoundException': org/gradle/api/tasks/bundling/Jar_DecoratedCustomizer> (0x00000007804ed8e0) thrown at [J:\jenkins\tmp\workspace\build\src\hotspot\src\share\vm\classfile\systemDictionary.cpp, line 217]
Event: 5.880 Thread 0x0000019135a34800 Exception <a 'java/lang/ClassNotFoundException': org/gradle/api/java/archives/internal/DefaultManifestBeanInfo> (0x00000007806009c8) thrown at [J:\jenkins\tmp\workspace\build\src\hotspot\src\share\vm\classfile\systemDictionary.cpp, line 217]
Event: 5.881 Thread 0x0000019135a34800 Exception <a 'java/lang/ClassNotFoundException': org/gradle/api/java/archives/internal/DefaultManifestCustomizer> (0x0000000780647648) thrown at [J:\jenkins\tmp\workspace\build\src\hotspot\src\share\vm\classfile\systemDictionary.cpp, line 217]
Event: 5.883 Thread 0x0000019135a34800 Exception <a 'java/lang/ClassNotFoundException': java/util/DateBeanInfo> (0x000000078069a180) thrown at [J:\jenkins\tmp\workspace\build\src\hotspot\src\share\vm\classfile\systemDictionary.cpp, line 217]
Event: 5.883 Thread 0x0000019135a34800 Exception <a 'java/lang/ClassNotFoundException': java/util/DateCustomizer> (0x00000007806a02d0) thrown at [J:\jenkins\tmp\workspace\build\src\hotspot\src\share\vm\classfile\systemDictionary.cpp, line 217]
Event: 5.921 Thread 0x0000019135a34800 Exception <a 'java/lang/NoSuchMethodError': java.lang.Object.lambda$identity$2(Ljava/lang/Object;)Ljava/lang/Object;> (0x0000000780857568) thrown at [J:\jenkins\tmp\workspace\build\src\hotspot\src\share\vm\interpreter\linkResolver.cpp, line 620]
Event: 5.922 Thread 0x0000019135a34800 Exception <a 'java/lang/NoSuchMethodError': java.lang.Object.lambda$groupEquals$5(Ljava/lang/String;Lcom/amadornes/artifactural/api/artifact/ArtifactIdentifier;)Z> (0x000000078085cf08) thrown at [J:\jenkins\tmp\workspace\build\src\hotspot\src\share\vm\int
Event: 5.922 Thread 0x0000019135a34800 Exception <a 'java/lang/NoSuchMethodError': java.lang.Object.lambda$nameEquals$6(Ljava/lang/String;Lcom/amadornes/artifactural/api/artifact/ArtifactIdentifier;)Z> (0x0000000780861650) thrown at [J:\jenkins\tmp\workspace\build\src\hotspot\src\share\vm\inte
Event: 5.953 Thread 0x0000019135a34800 Exception <a 'java/lang/NoSuchMethodError': java.lang.Object.lambda$nameMatches$1(Ljava/lang/String;Lcom/amadornes/artifactural/api/artifact/ArtifactIdentifier;)Z> (0x0000000780a07c20) thrown at [J:\jenkins\tmp\workspace\build\src\hotspot\src\share\vm\int

Events (10 events):
Event: 6.473 loading class org/gradle/api/internal/artifacts/repositories/maven/MavenMetadataLoader$1
Event: 6.473 loading class org/gradle/api/internal/artifacts/repositories/maven/MavenMetadataLoader$1 done
Event: 6.473 Thread 0x0000019135a34800 DEOPT PACKING pc=0x000001911d875328 sp=0x0000000c6c4f9200
Event: 6.473 Thread 0x0000019135a34800 DEOPT UNPACKING pc=0x000001911d0075d8 sp=0x0000000c6c4f8f40 mode 1
Event: 6.473 Thread 0x0000019135a34800 DEOPT PACKING pc=0x000001911d875218 sp=0x0000000c6c4f92b0
Event: 6.473 Thread 0x0000019135a34800 DEOPT UNPACKING pc=0x000001911d0075d8 sp=0x0000000c6c4f8ff0 mode 1
Event: 6.473 Thread 0x0000019135a34800 DEOPT PACKING pc=0x000001911d875218 sp=0x0000000c6c4f9360
Event: 6.473 Thread 0x0000019135a34800 DEOPT UNPACKING pc=0x000001911d0075d8 sp=0x0000000c6c4f90a0 mode 1
Event: 6.473 Thread 0x0000019135a34800 DEOPT PACKING pc=0x000001911d875218 sp=0x0000000c6c4f9410
Event: 6.473 Thread 0x0000019135a34800 DEOPT UNPACKING pc=0x000001911d0075d8 sp=0x0000000c6c4f9150 mode 1


Dynamic libraries:
0x00007ff7e5300000 - 0x00007ff7e533a000 	C:\Users\Mihai\.jdks\adopt-openjdk-1.8.0_275-2\bin\java.exe
0x00007ffe6f490000 - 0x00007ffe6f685000 	C:\WINDOWS\SYSTEM32\ntdll.dll
0x00007ffe40b10000 - 0x00007ffe40b23000 	C:\Program Files\AVAST Software\Avast\aswhook.dll
0x00007ffe6dea0000 - 0x00007ffe6df5d000 	C:\WINDOWS\System32\KERNEL32.DLL
0x00007ffe6d020000 - 0x00007ffe6d2e8000 	C:\WINDOWS\System32\KERNELBASE.dll
0x00007ffe6f310000 - 0x00007ffe6f3bc000 	C:\WINDOWS\System32\ADVAPI32.dll
0x00007ffe6de00000 - 0x00007ffe6de9e000 	C:\WINDOWS\System32\msvcrt.dll
0x00007ffe6dd60000 - 0x00007ffe6ddfb000 	C:\WINDOWS\System32\sechost.dll
0x00007ffe6d730000 - 0x00007ffe6d85b000 	C:\WINDOWS\System32\RPCRT4.dll
0x00007ffe6da70000 - 0x00007ffe6dc10000 	C:\WINDOWS\System32\USER32.dll
0x00007ffe6d470000 - 0x00007ffe6d492000 	C:\WINDOWS\System32\win32u.dll
0x00007ffe6f3c0000 - 0x00007ffe6f3ea000 	C:\WINDOWS\System32\GDI32.dll
0x00007ffe6cd30000 - 0x00007ffe6ce3b000 	C:\WINDOWS\System32\gdi32full.dll
0x00007ffe6cea0000 - 0x00007ffe6cf3d000 	C:\WINDOWS\System32\msvcp_win.dll
0x00007ffe6d2f0000 - 0x00007ffe6d3f0000 	C:\WINDOWS\System32\ucrtbase.dll
0x00007ffe60520000 - 0x00007ffe607ba000 	C:\WINDOWS\WinSxS\amd64_microsoft.windows.common-controls_6595b64144ccf1df_6.0.19041.844_none_ca00b6081b84eb1d\COMCTL32.dll
0x00007ffe6d5c0000 - 0x00007ffe6d5f0000 	C:\WINDOWS\System32\IMM32.DLL
0x00007ffe22b40000 - 0x00007ffe22c2f000 	C:\Users\Mihai\.jdks\adopt-openjdk-1.8.0_275-2\jre\bin\msvcr120.dll
0x00007ffe444c0000 - 0x00007ffe44566000 	C:\Users\Mihai\.jdks\adopt-openjdk-1.8.0_275-2\jre\bin\msvcp120.dll
0x0000000054af0000 - 0x0000000055358000 	C:\Users\Mihai\.jdks\adopt-openjdk-1.8.0_275-2\jre\bin\server\jvm.dll
0x00007ffe6da60000 - 0x00007ffe6da68000 	C:\WINDOWS\System32\PSAPI.DLL
0x00007ffe62980000 - 0x00007ffe629a7000 	C:\WINDOWS\SYSTEM32\WINMM.dll
0x00007ffe665c0000 - 0x00007ffe665ca000 	C:\WINDOWS\SYSTEM32\VERSION.dll
0x00007ffe5e7f0000 - 0x00007ffe5e7f9000 	C:\WINDOWS\SYSTEM32\WSOCK32.dll
0x00007ffe6df60000 - 0x00007ffe6dfcb000 	C:\WINDOWS\System32\WS2_32.dll
0x00007ffe4fd80000 - 0x00007ffe4fd8f000 	C:\Users\Mihai\.jdks\adopt-openjdk-1.8.0_275-2\jre\bin\verify.dll
0x00007ffe447d0000 - 0x00007ffe447f8000 	C:\Users\Mihai\.jdks\adopt-openjdk-1.8.0_275-2\jre\bin\java.dll
0x00007ffe43670000 - 0x00007ffe436a5000 	C:\Users\Mihai\.jdks\adopt-openjdk-1.8.0_275-2\jre\bin\jdwp.dll
0x00007ffe4c930000 - 0x00007ffe4c938000 	C:\Users\Mihai\.jdks\adopt-openjdk-1.8.0_275-2\jre\bin\npt.dll
0x00007ffe42d30000 - 0x00007ffe42d46000 	C:\Users\Mihai\.jdks\adopt-openjdk-1.8.0_275-2\jre\bin\zip.dll
0x00007ffe6e540000 - 0x00007ffe6ec82000 	C:\WINDOWS\System32\SHELL32.dll
0x00007ffe6ad30000 - 0x00007ffe6b4c1000 	C:\WINDOWS\SYSTEM32\windows.storage.dll
0x00007ffe6ef50000 - 0x00007ffe6f2a5000 	C:\WINDOWS\System32\combase.dll
0x00007ffe6c640000 - 0x00007ffe6c66c000 	C:\WINDOWS\SYSTEM32\Wldp.dll
0x00007ffe6ec90000 - 0x00007ffe6ed3e000 	C:\WINDOWS\System32\SHCORE.dll
0x00007ffe6eef0000 - 0x00007ffe6ef45000 	C:\WINDOWS\System32\shlwapi.dll
0x00007ffe6cb10000 - 0x00007ffe6cb2f000 	C:\WINDOWS\SYSTEM32\profapi.dll
0x00007ffe4b490000 - 0x00007ffe4b499000 	C:\Users\Mihai\.jdks\adopt-openjdk-1.8.0_275-2\jre\bin\dt_socket.dll
0x00007ffe6c3b0000 - 0x00007ffe6c41a000 	C:\WINDOWS\system32\mswsock.dll
0x00007ffe3ff70000 - 0x00007ffe3ff8a000 	C:\Users\Mihai\.jdks\adopt-openjdk-1.8.0_275-2\jre\bin\net.dll
0x00007ffe3ba00000 - 0x00007ffe3ba12000 	C:\Users\Mihai\.jdks\adopt-openjdk-1.8.0_275-2\jre\bin\nio.dll
0x00007ffe44830000 - 0x00007ffe4484e000 	C:\Users\Mihai\.gradle\native\25\windows-amd64\native-platform.dll
0x00007ffe4b220000 - 0x00007ffe4b22d000 	C:\Users\Mihai\.jdks\adopt-openjdk-1.8.0_275-2\jre\bin\management.dll
0x00007ffe6c590000 - 0x00007ffe6c5a8000 	C:\WINDOWS\SYSTEM32\CRYPTSP.dll
0x00007ffe6bce0000 - 0x00007ffe6bd14000 	C:\WINDOWS\system32\rsaenh.dll
0x00007ffe6cf40000 - 0x00007ffe6cf67000 	C:\WINDOWS\System32\bcrypt.dll
0x00007ffe6cad0000 - 0x00007ffe6cafe000 	C:\WINDOWS\SYSTEM32\USERENV.dll
0x00007ffe6d3f0000 - 0x00007ffe6d470000 	C:\WINDOWS\System32\bcryptprimitives.dll
0x00007ffe6c580000 - 0x00007ffe6c58c000 	C:\WINDOWS\SYSTEM32\CRYPTBASE.dll
0x00007ffe6c050000 - 0x00007ffe6c08b000 	C:\WINDOWS\SYSTEM32\IPHLPAPI.DLL
0x00007ffe6d720000 - 0x00007ffe6d728000 	C:\WINDOWS\System32\NSI.dll
0x00007ffe661a0000 - 0x00007ffe661b7000 	C:\WINDOWS\SYSTEM32\dhcpcsvc6.DLL
0x00007ffe66160000 - 0x00007ffe6617d000 	C:\WINDOWS\SYSTEM32\dhcpcsvc.DLL
0x00007ffe6c0a0000 - 0x00007ffe6c16c000 	C:\WINDOWS\SYSTEM32\DNSAPI.dll
0x00007ffe3b290000 - 0x00007ffe3b2b3000 	C:\Users\Mihai\.jdks\adopt-openjdk-1.8.0_275-2\jre\bin\sunec.dll
0x00007ffe64990000 - 0x00007ffe6499a000 	C:\Windows\System32\rasadhlp.dll
0x00007ffe5dc20000 - 0x00007ffe5dc9f000 	C:\WINDOWS\System32\fwpuclnt.dll
0x00007ffe4b070000 - 0x00007ffe4b07c000 	C:\Users\Mihai\.jdks\adopt-openjdk-1.8.0_275-2\jre\bin\sunmscapi.dll
0x00007ffe6cbd0000 - 0x00007ffe6cd2f000 	C:\WINDOWS\System32\CRYPT32.dll
0x00007ffe6c6b0000 - 0x00007ffe6c6d7000 	C:\WINDOWS\SYSTEM32\ncrypt.dll
0x00007ffe6c670000 - 0x00007ffe6c6ab000 	C:\WINDOWS\SYSTEM32\NTASN1.dll
0x00007ffe63bc0000 - 0x00007ffe63da4000 	C:\WINDOWS\SYSTEM32\dbghelp.dll

VM Arguments:
jvm_args: -agentlib:jdwp=transport=dt_socket,server=n,suspend=y,address=51266 -Xmx3G -Dfile.encoding=windows-1252 -Duser.country=US -Duser.language=en -Duser.variant 
java_command: org.gradle.launcher.daemon.bootstrap.GradleDaemon 4.10.3
java_class_path (initial): C:\Users\Mihai\.gradle\wrapper\dists\gradle-4.10.3-bin\31t79e2qsceia4mkbojplrgx\gradle-4.10.3\lib\gradle-launcher-4.10.3.jar
Launcher Type: SUN_STANDARD

Environment Variables:
PATH=C:\Program Files (x86)\Common Files\Oracle\Java\javapath;C:\Windows\system32;C:\Windows;C:\Windows\System32\Wbem;C:\Windows\System32\WindowsPowerShell\v1.0\;C:\Windows\System32\OpenSSH\;C:\Program Files (x86)\Intel\Intel(R) Management Engine Components\DAL;C:\Program Files\Intel\Intel(R) Management Engine Components\DAL;C:\Program Files\NVIDIA Corporation\NVIDIA NvDLISR;C:\Program Files (x86)\NVIDIA Corporation\PhysX\Common;C:\WINDOWS\system32;C:\WINDOWS;C:\WINDOWS\System32\Wbem;C:\WINDOWS\System32\WindowsPowerShell\v1.0\;C:\WINDOWS\System32\OpenSSH\;C:\Program Files\Microsoft SQL Server\130\Tools\Binn\;C:\Program Files\dotnet\;C:\Program Files\Git\cmd;C:\Program Files\nodejs\;D:\Users\Mihai\AppData\Local\Programs\Python\Python38-32\Scripts\;D:\Users\Mihai\AppData\Local\Programs\Python\Python38-32\;C:\Users\Mihai\AppData\Local\Microsoft\WindowsApps;C:\Users\Mihai\AppData\Local\GitHubDesktop\bin;C:\Users\Mihai\.dotnet\tools;C:\Users\Mihai\AppData\Roaming\npm;C:\Users\Mihai\AppData\Local\atom\bin;%USERPROFILE%\AppData\Local\Microsoft\WindowsApps;
USERNAME=Mihai
OS=Windows_NT
PROCESSOR_IDENTIFIER=Intel64 Family 6 Model 158 Stepping 11, GenuineIntel



---------------  S Y S T E M  ---------------

OS: Windows 10.0 , 64 bit Build 19041 (10.0.19041.804)

CPU:total 4 (initial active 4) (4 cores per cpu, 1 threads per core) family 6 model 158 stepping 11, cmov, cx8, fxsr, mmx, sse, sse2, sse3, ssse3, sse4.1, sse4.2, popcnt, avx, avx2, aes, clmul, erms, 3dnowpref, lzcnt, tsc, tscinvbit, bmi1, bmi2, adx

Memory: 4k page, physical 8321640k(2148904k free), swap 17805796k(3139476k free)

vm_info: OpenJDK 64-Bit Server VM (25.275-b01) for windows-amd64 JRE (1.8.0_275-b01), built on Nov 10 2020 15:01:01 by "jenkins" with MS VC++ 12.0 (VS2013)

time: Fri Apr 09 17:02:53 2021
timezone: GTB Daylight Time
elapsed time: 6.501716 seconds (0d 0h 0m 6s)

