#
# A fatal error has been detected by the Java Runtime Environment:
#
#  EXCEPTION_ACCESS_VIOLATION (0xc0000005) at pc=0x0000000071916490, pid=3428, tid=0x00000000000010ec
#
# JRE version: OpenJDK Runtime Environment (8.0_275-b01) (build 1.8.0_275-b01)
# Java VM: OpenJDK 64-Bit Server VM (25.275-b01 mixed mode windows-amd64 compressed oops)
# Problematic frame:
# V  [jvm.dll+0x436490]
#
# Failed to write core dump. Minidumps are not enabled by default on client versions of Windows
#
# If you would like to submit a bug report, please visit:
#   https://github.com/AdoptOpenJDK/openjdk-support/issues
#

---------------  T H R E A D  ---------------

Current thread (0x0000015e9c368800):  JavaThread "C2 CompilerThread0" daemon [_thread_in_native, id=4332, stack(0x0000001388b00000,0x0000001388c00000)]

siginfo: ExceptionCode=0xc0000005, reading address 0x0000015e8229d764

Registers:
RAX=0x000000000000000d, RBX=0x0000015e8229d750, RCX=0x0000000000000002, RDX=0x0000000000000002
RSP=0x0000001388bfb750, RBP=0x0000001388bfb810, RSI=0x0000015ea229d710, RDI=0x0000015e9f463570
R8 =0x0000000000000000, R9 =0x0000000000000000, R10=0x0000000000000002, R11=0x00000000714e0000
R12=0x0000015e9e69ffd0, R13=0x0000001388bfb880, R14=0x0000000000000068, R15=0x0000000000000001
RIP=0x0000000071916490, EFLAGS=0x0000000000010206

Top of Stack: (sp=0x0000001388bfb750)
0x0000001388bfb750:   0000015ea4bde640 0000015e9d6a2570
0x0000001388bfb760:   0000000000000005 0000015ea2783870
0x0000001388bfb770:   0000001300000000 0000015e00000000
0x0000001388bfb780:   0000001388bfb801 0000000000000005
0x0000001388bfb790:   0000015ea2784230 0000000071929d53
0x0000001388bfb7a0:   0000015ea2783fd8 0000000000000001
0x0000001388bfb7b0:   0000001388bfb860 0000000000000208
0x0000001388bfb7c0:   0000015e9bc0e4d0 0000000000000200
0x0000001388bfb7d0:   0000015e9f36e050 000000000000017f
0x0000001388bfb7e0:   0000000071b29330 0000015e9bc0e4d0
0x0000001388bfb7f0:   0000000000000200 0000015e9f369250
0x0000001388bfb800:   0000015e00000000 000000007158c8a0
0x0000001388bfb810:   0000000000000000 0000000000012ae0
0x0000001388bfb820:   0000015e9bc0e4d0 0000015e9e69ffd0
0x0000001388bfb830:   0000001388bfba00 0000000071928bd1
0x0000001388bfb840:   0000001388bfe5a0 0000015e9bc0e4d0 

Instructions: (pc=0x0000000071916490)
0x0000000071916470:   43 30 45 33 d2 33 c9 44 8b 40 4c 44 2b 43 14 44
0x0000000071916480:   03 43 10 0f 1f 40 00 66 0f 1f 84 00 00 00 00 00
0x0000000071916490:   8b 53 14 44 8b 4b 18 48 8b 7b 30 48 3b de 0f 94
0x00000000719164a0:   c0 44 2b ca 2b 53 10 88 44 24 30 89 4c 24 28 8b 


Register to memory mapping:

RAX=0x000000000000000d is an unknown value
RBX=0x0000015e8229d750 is an unknown value
RCX=0x0000000000000002 is an unknown value
RDX=0x0000000000000002 is an unknown value
RSP=0x0000001388bfb750 is pointing into the stack for thread: 0x0000015e9c368800
RBP=0x0000001388bfb810 is pointing into the stack for thread: 0x0000015e9c368800
RSI=0x0000015ea229d710 is an unknown value
RDI=0x0000015e9f463570 is an unknown value
R8 =0x0000000000000000 is an unknown value
R9 =0x0000000000000000 is an unknown value
R10=0x0000000000000002 is an unknown value
R11=0x00000000714e0000 is an unknown value
R12=0x0000015e9e69ffd0 is an unknown value
R13=0x0000001388bfb880 is pointing into the stack for thread: 0x0000015e9c368800
R14=0x0000000000000068 is an unknown value
R15=0x0000000000000001 is an unknown value


Stack: [0x0000001388b00000,0x0000001388c00000],  sp=0x0000001388bfb750,  free space=1005k
Native frames: (J=compiled Java code, j=interpreted, Vv=VM code, C=native code)
V  [jvm.dll+0x436490]
V  [jvm.dll+0x449d53]
V  [jvm.dll+0x448bd1]
V  [jvm.dll+0x4471ad]
V  [jvm.dll+0x444a2f]
V  [jvm.dll+0x430ab7]
V  [jvm.dll+0x8390c]
V  [jvm.dll+0x823bf]
V  [jvm.dll+0x2137df]
V  [jvm.dll+0x2648ea]
C  [msvcr120.dll+0x24f7f]
C  [msvcr120.dll+0x25126]
C  [KERNEL32.DLL+0x17034]
C  [ntdll.dll+0x52651]


Current CompileTask:
C2:   9592 6342       4       com.sun.tools.javac.parser.JavacParser::term3 (2502 bytes)


---------------  P R O C E S S  ---------------

Java Threads: ( => current thread )
  0x0000015ea373a800 JavaThread "Cache worker for Java compile cache (E:\Feywild\.gradle\4.10.3\javaCompile)" [_thread_blocked, id=13216, stack(0x000000138ad00000,0x000000138ae00000)]
  0x0000015ea373d000 JavaThread "Cache worker for Java compile cache (C:\Users\Mihai\.gradle\caches\4.10.3\javaCompile)" [_thread_blocked, id=11060, stack(0x000000138ac00000,0x000000138ad00000)]
  0x0000015ea373f800 JavaThread "Cache worker for Build Output Cleanup Cache (E:\Feywild\.gradle\buildOutputCleanup)" [_thread_blocked, id=9588, stack(0x000000138ab00000,0x000000138ac00000)]
  0x0000015ea373a000 JavaThread "Cache worker for task history cache (E:\Feywild\.gradle\4.10.3\taskHistory)" [_thread_blocked, id=11916, stack(0x000000138aa00000,0x000000138ab00000)]
  0x0000015ea3736800 JavaThread "Task worker for ':' Thread 3" [_thread_blocked, id=7732, stack(0x000000138a900000,0x000000138aa00000)]
  0x0000015ea373e000 JavaThread "Task worker for ':' Thread 2" [_thread_blocked, id=9992, stack(0x000000138a800000,0x000000138a900000)]
  0x0000015ea3733000 JavaThread "Task worker for ':'" [_thread_in_native, id=3872, stack(0x000000138a700000,0x000000138a800000)]
  0x0000015ea3739000 JavaThread "Cache worker for file content cache (E:\Feywild\.gradle\4.10.3\fileContent)" [_thread_blocked, id=12908, stack(0x000000138a600000,0x000000138a700000)]
  0x0000015ea3736000 JavaThread "Cache worker for file content cache (C:\Users\Mihai\.gradle\caches\4.10.3\fileContent)" [_thread_blocked, id=10576, stack(0x000000138a500000,0x000000138a600000)]
  0x0000015ea3738800 JavaThread "Memory manager" [_thread_blocked, id=3540, stack(0x000000138a400000,0x000000138a500000)]
  0x0000015ea3735000 JavaThread "Keep-Alive-Timer" daemon [_thread_blocked, id=12920, stack(0x000000138a300000,0x000000138a400000)]
  0x0000015ea3731000 JavaThread "Build operations Thread 4" [_thread_blocked, id=3564, stack(0x000000138a200000,0x000000138a300000)]
  0x0000015ea3734800 JavaThread "Build operations Thread 3" [_thread_blocked, id=2040, stack(0x000000138a100000,0x000000138a200000)]
  0x0000015ea3732000 JavaThread "Build operations Thread 2" [_thread_blocked, id=12156, stack(0x000000138a000000,0x000000138a100000)]
  0x0000015ea3733800 JavaThread "Build operations" [_thread_blocked, id=9612, stack(0x0000001389f00000,0x000000138a000000)]
  0x0000015ea3737800 JavaThread "Cache worker for Artifact transforms cache (C:\Users\Mihai\.gradle\caches\transforms-1)" [_thread_blocked, id=13068, stack(0x0000001389e00000,0x0000001389f00000)]
  0x0000015e9eaa5800 JavaThread "Cache worker for cache directory md-rule (C:\Users\Mihai\.gradle\caches\4.10.3\md-rule)" [_thread_blocked, id=5800, stack(0x0000001389d00000,0x0000001389e00000)]
  0x0000015e9eaa6800 JavaThread "Cache worker for cache directory md-supplier (C:\Users\Mihai\.gradle\caches\4.10.3\md-supplier)" [_thread_blocked, id=6976, stack(0x0000001389c00000,0x0000001389d00000)]
  0x0000015e9eaa5000 JavaThread "Cache worker for journal cache (C:\Users\Mihai\.gradle\caches\journal-1)" [_thread_blocked, id=13176, stack(0x0000001389b00000,0x0000001389c00000)]
  0x0000015e9eaa4000 JavaThread "Cache worker for file hash cache (E:\Feywild\.gradle\4.10.3\fileHashes)" [_thread_blocked, id=724, stack(0x0000001389a00000,0x0000001389b00000)]
  0x0000015e9e3e1000 JavaThread "File lock request listener" [_thread_in_native, id=4576, stack(0x0000001389900000,0x0000001389a00000)]
  0x0000015e9f555800 JavaThread "Cache worker for file hash cache (C:\Users\Mihai\.gradle\caches\4.10.3\fileHashes)" [_thread_blocked, id=3840, stack(0x0000001389800000,0x0000001389900000)]
  0x0000015e9e7bc000 JavaThread "Stdin handler" [_thread_blocked, id=12596, stack(0x0000001389700000,0x0000001389800000)]
  0x0000015e9e7b3000 JavaThread "Asynchronous log dispatcher for DefaultDaemonConnection: socket connection from /127.0.0.1:54980 to /127.0.0.1:54981" [_thread_blocked, id=13064, stack(0x0000001389600000,0x0000001389700000)]
  0x0000015e9c45c800 JavaThread "Daemon worker" [_thread_blocked, id=3424, stack(0x0000001389500000,0x0000001389600000)]
  0x0000015e9c45b800 JavaThread "Cancel handler" [_thread_blocked, id=7000, stack(0x0000001389400000,0x0000001389500000)]
  0x0000015e9e758000 JavaThread "Handler for socket connection from /127.0.0.1:54980 to /127.0.0.1:54981" [_thread_in_native, id=7688, stack(0x0000001389300000,0x0000001389400000)]
  0x0000015e9d357000 JavaThread "Daemon" [_thread_blocked, id=5840, stack(0x0000001389200000,0x0000001389300000)]
  0x0000015e9d1d4800 JavaThread "Daemon periodic checks" [_thread_blocked, id=9604, stack(0x0000001389100000,0x0000001389200000)]
  0x0000015e9e6f7800 JavaThread "Incoming local TCP Connector on port 54980" [_thread_in_native, id=11468, stack(0x0000001389000000,0x0000001389100000)]
  0x0000015e9c3e7800 JavaThread "Service Thread" daemon [_thread_blocked, id=12320, stack(0x0000001388e00000,0x0000001388f00000)]
  0x0000015e9c39e000 JavaThread "C1 CompilerThread2" daemon [_thread_blocked, id=10284, stack(0x0000001388d00000,0x0000001388e00000)]
  0x0000015e9c363800 JavaThread "C2 CompilerThread1" daemon [_thread_in_native, id=4704, stack(0x0000001388c00000,0x0000001388d00000)]
=>0x0000015e9c368800 JavaThread "C2 CompilerThread0" daemon [_thread_in_native, id=4332, stack(0x0000001388b00000,0x0000001388c00000)]
  0x0000015e9c359800 JavaThread "Attach Listener" daemon [_thread_blocked, id=9808, stack(0x0000001388a00000,0x0000001388b00000)]
  0x0000015e9c358000 JavaThread "Signal Dispatcher" daemon [_thread_blocked, id=9136, stack(0x0000001388900000,0x0000001388a00000)]
  0x0000015e9bc09800 JavaThread "Finalizer" daemon [_thread_blocked, id=736, stack(0x0000001388800000,0x0000001388900000)]
  0x0000015e9c336000 JavaThread "Reference Handler" daemon [_thread_blocked, id=10264, stack(0x0000001388700000,0x0000001388800000)]
  0x0000015e83474800 JavaThread "main" [_thread_blocked, id=3952, stack(0x0000001388100000,0x0000001388200000)]

Other Threads:
  0x0000015e9c315000 VMThread [stack: 0x0000001388600000,0x0000001388700000] [id=704]
  0x0000015e9c3eb000 WatcherThread [stack: 0x0000001388f00000,0x0000001389000000] [id=7628]

VM state:not at safepoint (normal execution)

VM Mutex/Monitor currently owned by a thread: None

heap address: 0x0000000700000000, size: 3072 MB, Compressed Oops mode: Zero based, Oop shift amount: 3
Narrow klass base: 0x0000000000000000, Narrow klass shift: 3
Compressed class space size: 1073741824 Address: 0x00000007c0000000

Heap:
 PSYoungGen      total 203264K, used 68023K [0x0000000780000000, 0x000000078e700000, 0x00000007c0000000)
  eden space 184320K, 26% used [0x0000000780000000,0x0000000782ff2b78,0x000000078b400000)
  from space 18944K, 99% used [0x000000078cb00000,0x000000078dd7b480,0x000000078dd80000)
  to   space 23552K, 0% used [0x000000078b400000,0x000000078b400000,0x000000078cb00000)
 ParOldGen       total 94720K, used 33323K [0x0000000700000000, 0x0000000705c80000, 0x0000000780000000)
  object space 94720K, 35% used [0x0000000700000000,0x000000070208ac58,0x0000000705c80000)
 Metaspace       used 54114K, capacity 55184K, committed 55552K, reserved 1097728K
  class space    used 7578K, capacity 7847K, committed 7936K, reserved 1048576K

Card table byte_map: [0x0000015e94300000,0x0000015e94910000] byte_map_base: 0x0000015e90b00000

Marking Bits: (ParMarkBitMap*) 0x0000000071cc97c0
 Begin Bits: [0x0000015e94d10000, 0x0000015e97d10000)
 End Bits:   [0x0000015e97d10000, 0x0000015e9ad10000)

Polling page: 0x0000015e83630000

CodeCache: size=245760Kb used=20127Kb max_used=20155Kb free=225633Kb
 bounds [0x0000015e84f40000, 0x0000015e86310000, 0x0000015e93f40000]
 total_blobs=6438 nmethods=5645 adapters=705
 compilation: enabled

Compilation events (10 events):
Event: 9.571 Thread 0x0000015e9c39e000 6375       3       com.sun.tools.javac.parser.JavacParser::typeArguments (37 bytes)
Event: 9.572 Thread 0x0000015e9c39e000 nmethod 6375 0x0000015e862c33d0 code [0x0000015e862c35a0, 0x0000015e862c3c60]
Event: 9.572 Thread 0x0000015e9c39e000 6376       3       com.sun.tools.javac.tree.TreeMaker::TypeApply (20 bytes)
Event: 9.572 Thread 0x0000015e9c39e000 nmethod 6376 0x0000015e862c4090 code [0x0000015e862c4200, 0x0000015e862c4558]
Event: 9.574 Thread 0x0000015e9c39e000 6378       3       com.sun.tools.javac.parser.JavacParser::typeArgument (395 bytes)
Event: 9.576 Thread 0x0000015e9c39e000 nmethod 6378 0x0000015e862c4710 code [0x0000015e862c4e60, 0x0000015e862c9d70]
Event: 9.576 Thread 0x0000015e9c39e000 6379       3       com.sun.tools.javac.parser.JavadocTokenizer::processComment (37 bytes)
Event: 9.577 Thread 0x0000015e9c39e000 nmethod 6379 0x0000015e862cd310 code [0x0000015e862cd4c0, 0x0000015e862cdc40]
Event: 9.577 Thread 0x0000015e9c39e000 6380       3       com.sun.tools.javac.parser.UnicodeReader::getRawCharacters (24 bytes)
Event: 9.577 Thread 0x0000015e9c39e000 nmethod 6380 0x0000015e862cdfd0 code [0x0000015e862ce140, 0x0000015e862ce3f0]

GC Heap History (10 events):
Event: 6.147 GC heap before
{Heap before GC invocations=14 (full 2):
 PSYoungGen      total 113664K, used 106841K [0x0000000780000000, 0x0000000789500000, 0x00000007c0000000)
  eden space 102400K, 93% used [0x0000000780000000,0x0000000785d5a3a0,0x0000000786400000)
  from space 11264K, 99% used [0x0000000786400000,0x0000000786efc0c0,0x0000000786f00000)
  to   space 13312K, 0% used [0x0000000788800000,0x0000000788800000,0x0000000789500000)
 ParOldGen       total 94720K, used 16820K [0x0000000700000000, 0x0000000705c80000, 0x0000000780000000)
  object space 94720K, 17% used [0x0000000700000000,0x000000070106d3c0,0x0000000705c80000)
 Metaspace       used 45554K, capacity 46358K, committed 46592K, reserved 1089536K
  class space    used 6392K, capacity 6628K, committed 6656K, reserved 1048576K
Event: 6.156 GC heap after
Heap after GC invocations=14 (full 2):
 PSYoungGen      total 135680K, used 13296K [0x0000000780000000, 0x0000000789f80000, 0x00000007c0000000)
  eden space 122368K, 0% used [0x0000000780000000,0x0000000780000000,0x0000000787780000)
  from space 13312K, 99% used [0x0000000788800000,0x00000007894fc0d0,0x0000000789500000)
  to   space 16896K, 0% used [0x0000000787780000,0x0000000787780000,0x0000000788800000)
 ParOldGen       total 94720K, used 22317K [0x0000000700000000, 0x0000000705c80000, 0x0000000780000000)
  object space 94720K, 23% used [0x0000000700000000,0x00000007015cb640,0x0000000705c80000)
 Metaspace       used 45554K, capacity 46358K, committed 46592K, reserved 1089536K
  class space    used 6392K, capacity 6628K, committed 6656K, reserved 1048576K
}
Event: 6.567 GC heap before
{Heap before GC invocations=15 (full 2):
 PSYoungGen      total 135680K, used 135664K [0x0000000780000000, 0x0000000789f80000, 0x00000007c0000000)
  eden space 122368K, 100% used [0x0000000780000000,0x0000000787780000,0x0000000787780000)
  from space 13312K, 99% used [0x0000000788800000,0x00000007894fc0d0,0x0000000789500000)
  to   space 16896K, 0% used [0x0000000787780000,0x0000000787780000,0x0000000788800000)
 ParOldGen       total 94720K, used 22317K [0x0000000700000000, 0x0000000705c80000, 0x0000000780000000)
  object space 94720K, 23% used [0x0000000700000000,0x00000007015cb640,0x0000000705c80000)
 Metaspace       used 47328K, capacity 48354K, committed 48512K, reserved 1091584K
  class space    used 6665K, capacity 6930K, committed 7040K, reserved 1048576K
Event: 6.572 GC heap after
Heap after GC invocations=15 (full 2):
 PSYoungGen      total 139264K, used 1933K [0x0000000780000000, 0x000000078b880000, 0x00000007c0000000)
  eden space 122368K, 0% used [0x0000000780000000,0x0000000780000000,0x0000000787780000)
  from space 16896K, 11% used [0x0000000787780000,0x00000007879637a0,0x0000000788800000)
  to   space 17408K, 0% used [0x000000078a780000,0x000000078a780000,0x000000078b880000)
 ParOldGen       total 94720K, used 28141K [0x0000000700000000, 0x0000000705c80000, 0x0000000780000000)
  object space 94720K, 29% used [0x0000000700000000,0x0000000701b7b730,0x0000000705c80000)
 Metaspace       used 47328K, capacity 48354K, committed 48512K, reserved 1091584K
  class space    used 6665K, capacity 6930K, committed 7040K, reserved 1048576K
}
Event: 7.055 GC heap before
{Heap before GC invocations=16 (full 2):
 PSYoungGen      total 139264K, used 119879K [0x0000000780000000, 0x000000078b880000, 0x00000007c0000000)
  eden space 122368K, 96% used [0x0000000780000000,0x000000078732e568,0x0000000787780000)
  from space 16896K, 11% used [0x0000000787780000,0x00000007879637a0,0x0000000788800000)
  to   space 17408K, 0% used [0x000000078a780000,0x000000078a780000,0x000000078b880000)
 ParOldGen       total 94720K, used 28141K [0x0000000700000000, 0x0000000705c80000, 0x0000000780000000)
  object space 94720K, 29% used [0x0000000700000000,0x0000000701b7b730,0x0000000705c80000)
 Metaspace       used 48888K, capacity 50032K, committed 50304K, reserved 1091584K
  class space    used 6930K, capacity 7201K, committed 7296K, reserved 1048576K
Event: 7.060 GC heap after
Heap after GC invocations=16 (full 2):
 PSYoungGen      total 169472K, used 15935K [0x0000000780000000, 0x000000078bb80000, 0x00000007c0000000)
  eden space 152064K, 0% used [0x0000000780000000,0x0000000780000000,0x0000000789480000)
  from space 17408K, 91% used [0x000000078a780000,0x000000078b70fc98,0x000000078b880000)
  to   space 19456K, 0% used [0x0000000789480000,0x0000000789480000,0x000000078a780000)
 ParOldGen       total 94720K, used 28149K [0x0000000700000000, 0x0000000705c80000, 0x0000000780000000)
  object space 94720K, 29% used [0x0000000700000000,0x0000000701b7d730,0x0000000705c80000)
 Metaspace       used 48888K, capacity 50032K, committed 50304K, reserved 1091584K
  class space    used 6930K, capacity 7201K, committed 7296K, reserved 1048576K
}
Event: 7.312 GC heap before
{Heap before GC invocations=17 (full 2):
 PSYoungGen      total 169472K, used 167674K [0x0000000780000000, 0x000000078bb80000, 0x00000007c0000000)
  eden space 152064K, 99% used [0x0000000780000000,0x000000078942ee80,0x0000000789480000)
  from space 17408K, 91% used [0x000000078a780000,0x000000078b70fc98,0x000000078b880000)
  to   space 19456K, 0% used [0x0000000789480000,0x0000000789480000,0x000000078a780000)
 ParOldGen       total 94720K, used 28149K [0x0000000700000000, 0x0000000705c80000, 0x0000000780000000)
  object space 94720K, 29% used [0x0000000700000000,0x0000000701b7d730,0x0000000705c80000)
 Metaspace       used 48978K, capacity 50070K, committed 50304K, reserved 1091584K
  class space    used 6933K, capacity 7234K, committed 7296K, reserved 1048576K
Event: 7.315 GC heap after
Heap after GC invocations=17 (full 2):
 PSYoungGen      total 171520K, used 4416K [0x0000000780000000, 0x000000078dd80000, 0x00000007c0000000)
  eden space 152064K, 0% used [0x0000000780000000,0x0000000780000000,0x0000000789480000)
  from space 19456K, 22% used [0x0000000789480000,0x00000007898d00b0,0x000000078a780000)
  to   space 18944K, 0% used [0x000000078cb00000,0x000000078cb00000,0x000000078dd80000)
 ParOldGen       total 94720K, used 28157K [0x0000000700000000, 0x0000000705c80000, 0x0000000780000000)
  object space 94720K, 29% used [0x0000000700000000,0x0000000701b7f730,0x0000000705c80000)
 Metaspace       used 48978K, capacity 50070K, committed 50304K, reserved 1091584K
  class space    used 6933K, capacity 7234K, committed 7296K, reserved 1048576K
}
Event: 8.601 GC heap before
{Heap before GC invocations=18 (full 2):
 PSYoungGen      total 171520K, used 156480K [0x0000000780000000, 0x000000078dd80000, 0x00000007c0000000)
  eden space 152064K, 100% used [0x0000000780000000,0x0000000789480000,0x0000000789480000)
  from space 19456K, 22% used [0x0000000789480000,0x00000007898d00b0,0x000000078a780000)
  to   space 18944K, 0% used [0x000000078cb00000,0x000000078cb00000,0x000000078dd80000)
 ParOldGen       total 94720K, used 28157K [0x0000000700000000, 0x0000000705c80000, 0x0000000780000000)
  object space 94720K, 29% used [0x0000000700000000,0x0000000701b7f730,0x0000000705c80000)
 Metaspace       used 50828K, capacity 51958K, committed 52096K, reserved 1093632K
  class space    used 7178K, capacity 7458K, committed 7552K, reserved 1048576K
Event: 8.620 GC heap after
Heap after GC invocations=18 (full 2):
 PSYoungGen      total 203264K, used 18925K [0x0000000780000000, 0x000000078e700000, 0x00000007c0000000)
  eden space 184320K, 0% used [0x0000000780000000,0x0000000780000000,0x000000078b400000)
  from space 18944K, 99% used [0x000000078cb00000,0x000000078dd7b480,0x000000078dd80000)
  to   space 23552K, 0% used [0x000000078b400000,0x000000078b400000,0x000000078cb00000)
 ParOldGen       total 94720K, used 33323K [0x0000000700000000, 0x0000000705c80000, 0x0000000780000000)
  object space 94720K, 35% used [0x0000000700000000,0x000000070208ac58,0x0000000705c80000)
 Metaspace       used 50828K, capacity 51958K, committed 52096K, reserved 1093632K
  class space    used 7178K, capacity 7458K, committed 7552K, reserved 1048576K
}

Deoptimization events (10 events):
Event: 8.717 Thread 0x0000015ea3733000 Uncommon trap: reason=unstable_if action=reinterpret pc=0x0000015e859cf18c method=java.util.jar.JarFile.maybeInstantiateVerifier()V @ 4
Event: 8.717 Thread 0x0000015ea3733000 Uncommon trap: reason=unstable_if action=reinterpret pc=0x0000015e85b01988 method=java.util.jar.JarFile.maybeInstantiateVerifier()V @ 4
Event: 8.717 Thread 0x0000015ea3733000 Uncommon trap: reason=unstable_if action=reinterpret pc=0x0000015e85a50140 method=java.util.jar.JarFile.maybeInstantiateVerifier()V @ 4
Event: 8.891 Thread 0x0000015ea3733000 Uncommon trap: reason=unstable_if action=reinterpret pc=0x0000015e8518adfc method=sun.nio.cs.UTF_8$Decoder.decode([BII[C)I @ 30
Event: 8.891 Thread 0x0000015ea3733000 Uncommon trap: reason=unstable_if action=reinterpret pc=0x0000015e86158cf4 method=java.lang.StringCoding.safeTrim([CILjava/nio/charset/Charset;Z)[C @ 3
Event: 8.999 Thread 0x0000015ea3733000 Uncommon trap: reason=unstable_if action=reinterpret pc=0x0000015e85998b2c method=java.lang.CharacterDataLatin1.digit(II)I @ 60
Event: 8.999 Thread 0x0000015ea3733000 Uncommon trap: reason=unstable_if action=reinterpret pc=0x0000015e85998fa4 method=java.lang.CharacterDataLatin1.digit(II)I @ 60
Event: 9.229 Thread 0x0000015ea3733000 Uncommon trap: reason=unstable_if action=reinterpret pc=0x0000015e8621c150 method=com.sun.tools.javac.parser.JavaTokenizer.readToken()Lcom/sun/tools/javac/parser/Tokens$Token; @ 664
Event: 9.414 Thread 0x0000015ea3733000 Uncommon trap: reason=unstable_if action=reinterpret pc=0x0000015e8620db70 method=com.sun.tools.javac.util.Name$Table.equals([BI[BII)Z @ 22
Event: 9.414 Thread 0x0000015ea3733000 Uncommon trap: reason=unstable_if action=reinterpret pc=0x0000015e86209b60 method=com.sun.tools.javac.util.Name$Table.equals([BI[BII)Z @ 22

Classes redefined (0 events):
No events

Internal exceptions (10 events):
Event: 8.655 Thread 0x0000015ea3733000 Exception <a 'java/security/PrivilegedActionException'> (0x0000000780154810) thrown at [J:\jenkins\tmp\workspace\build\src\hotspot\src\share\vm\prims\jvm.cpp, line 1523]
Event: 8.655 Thread 0x0000015ea3733000 Exception <a 'java/security/PrivilegedActionException'> (0x0000000780156a50) thrown at [J:\jenkins\tmp\workspace\build\src\hotspot\src\share\vm\prims\jvm.cpp, line 1523]
Event: 8.655 Thread 0x0000015ea3733000 Exception <a 'java/security/PrivilegedActionException'> (0x0000000780157030) thrown at [J:\jenkins\tmp\workspace\build\src\hotspot\src\share\vm\prims\jvm.cpp, line 1523]
Event: 8.655 Thread 0x0000015ea3733000 Exception <a 'java/security/PrivilegedActionException'> (0x00000007801590d0) thrown at [J:\jenkins\tmp\workspace\build\src\hotspot\src\share\vm\prims\jvm.cpp, line 1523]
Event: 8.655 Thread 0x0000015ea3733000 Exception <a 'java/security/PrivilegedActionException'> (0x00000007801596b0) thrown at [J:\jenkins\tmp\workspace\build\src\hotspot\src\share\vm\prims\jvm.cpp, line 1523]
Event: 8.655 Thread 0x0000015ea3733000 Exception <a 'java/security/PrivilegedActionException'> (0x000000078015bb68) thrown at [J:\jenkins\tmp\workspace\build\src\hotspot\src\share\vm\prims\jvm.cpp, line 1523]
Event: 8.655 Thread 0x0000015ea3733000 Exception <a 'java/security/PrivilegedActionException'> (0x000000078015c148) thrown at [J:\jenkins\tmp\workspace\build\src\hotspot\src\share\vm\prims\jvm.cpp, line 1523]
Event: 8.655 Thread 0x0000015ea3733000 Exception <a 'java/security/PrivilegedActionException'> (0x000000078015e660) thrown at [J:\jenkins\tmp\workspace\build\src\hotspot\src\share\vm\prims\jvm.cpp, line 1523]
Event: 8.655 Thread 0x0000015ea3733000 Exception <a 'java/security/PrivilegedActionException'> (0x000000078015ec40) thrown at [J:\jenkins\tmp\workspace\build\src\hotspot\src\share\vm\prims\jvm.cpp, line 1523]
Event: 8.704 Thread 0x0000015ea3733000 Implicit null exception at 0x0000015e85138188 to 0x0000015e851383a5

Events (10 events):
Event: 9.229 Thread 0x0000015ea3733000 DEOPT PACKING pc=0x0000015e8621c150 sp=0x000000138a7fab20
Event: 9.229 Thread 0x0000015ea3733000 DEOPT UNPACKING pc=0x0000015e84f85583 sp=0x000000138a7fab18 mode 2
Event: 9.390 Thread 0x0000015ea3733000 DEOPT PACKING pc=0x0000015e862491be sp=0x000000138a7fc300
Event: 9.390 Thread 0x0000015ea3733000 DEOPT UNPACKING pc=0x0000015e84f875d8 sp=0x000000138a7fc030 mode 0
Event: 9.414 Thread 0x0000015ea3733000 Uncommon trap: trap_request=0xffffff65 fr.pc=0x0000015e8620db70
Event: 9.414 Thread 0x0000015ea3733000 DEOPT PACKING pc=0x0000015e8620db70 sp=0x000000138a7fa590
Event: 9.414 Thread 0x0000015ea3733000 DEOPT UNPACKING pc=0x0000015e84f85583 sp=0x000000138a7fa310 mode 2
Event: 9.414 Thread 0x0000015ea3733000 Uncommon trap: trap_request=0xffffff65 fr.pc=0x0000015e86209b60
Event: 9.414 Thread 0x0000015ea3733000 DEOPT PACKING pc=0x0000015e86209b60 sp=0x000000138a7f9df0
Event: 9.414 Thread 0x0000015ea3733000 DEOPT UNPACKING pc=0x0000015e84f85583 sp=0x000000138a7f9d70 mode 2


Dynamic libraries:
0x00007ff601540000 - 0x00007ff60157a000 	C:\Users\Mihai\.jdks\adopt-openjdk-1.8.0_275-2\bin\java.exe
0x00007ffb326d0000 - 0x00007ffb328c5000 	C:\WINDOWS\SYSTEM32\ntdll.dll
0x00007ffafdb60000 - 0x00007ffafdb73000 	C:\Program Files\AVAST Software\Avast\aswhook.dll
0x00007ffb310c0000 - 0x00007ffb3117d000 	C:\WINDOWS\System32\KERNEL32.DLL
0x00007ffb30120000 - 0x00007ffb303e8000 	C:\WINDOWS\System32\KERNELBASE.dll
0x00007ffb312e0000 - 0x00007ffb3138c000 	C:\WINDOWS\System32\ADVAPI32.dll
0x00007ffb30f10000 - 0x00007ffb30fae000 	C:\WINDOWS\System32\msvcrt.dll
0x00007ffb32250000 - 0x00007ffb322eb000 	C:\WINDOWS\System32\sechost.dll
0x00007ffb30740000 - 0x00007ffb3086b000 	C:\WINDOWS\System32\RPCRT4.dll
0x00007ffb32350000 - 0x00007ffb324f0000 	C:\WINDOWS\System32\USER32.dll
0x00007ffb30710000 - 0x00007ffb30732000 	C:\WINDOWS\System32\win32u.dll
0x00007ffb325d0000 - 0x00007ffb325fa000 	C:\WINDOWS\System32\GDI32.dll
0x00007ffb30420000 - 0x00007ffb3052b000 	C:\WINDOWS\System32\gdi32full.dll
0x00007ffb305e0000 - 0x00007ffb3067d000 	C:\WINDOWS\System32\msvcp_win.dll
0x00007ffb2fe60000 - 0x00007ffb2ff60000 	C:\WINDOWS\System32\ucrtbase.dll
0x00007ffb231c0000 - 0x00007ffb2345a000 	C:\WINDOWS\WinSxS\amd64_microsoft.windows.common-controls_6595b64144ccf1df_6.0.19041.1052_none_60b8f8fd71f5e8cb\COMCTL32.dll
0x00007ffb32600000 - 0x00007ffb32630000 	C:\WINDOWS\System32\IMM32.DLL
0x00007ffb222c0000 - 0x00007ffb223af000 	C:\Users\Mihai\.jdks\adopt-openjdk-1.8.0_275-2\jre\bin\msvcr120.dll
0x00007ffb22210000 - 0x00007ffb222b6000 	C:\Users\Mihai\.jdks\adopt-openjdk-1.8.0_275-2\jre\bin\msvcp120.dll
0x00000000714e0000 - 0x0000000071d48000 	C:\Users\Mihai\.jdks\adopt-openjdk-1.8.0_275-2\jre\bin\server\jvm.dll
0x00007ffb32230000 - 0x00007ffb32238000 	C:\WINDOWS\System32\PSAPI.DLL
0x00007ffb214e0000 - 0x00007ffb214e9000 	C:\WINDOWS\SYSTEM32\WSOCK32.dll
0x00007ffb24910000 - 0x00007ffb24937000 	C:\WINDOWS\SYSTEM32\WINMM.dll
0x00007ffb2a340000 - 0x00007ffb2a34a000 	C:\WINDOWS\SYSTEM32\VERSION.dll
0x00007ffb31460000 - 0x00007ffb314cb000 	C:\WINDOWS\System32\WS2_32.dll
0x00007ffb2b9d0000 - 0x00007ffb2b9df000 	C:\Users\Mihai\.jdks\adopt-openjdk-1.8.0_275-2\jre\bin\verify.dll
0x00007ffb2b2c0000 - 0x00007ffb2b2e8000 	C:\Users\Mihai\.jdks\adopt-openjdk-1.8.0_275-2\jre\bin\java.dll
0x00007ffb2b080000 - 0x00007ffb2b096000 	C:\Users\Mihai\.jdks\adopt-openjdk-1.8.0_275-2\jre\bin\zip.dll
0x00007ffb31680000 - 0x00007ffb31dbf000 	C:\WINDOWS\System32\SHELL32.dll
0x00007ffb2df80000 - 0x00007ffb2e710000 	C:\WINDOWS\SYSTEM32\windows.storage.dll
0x00007ffb31ed0000 - 0x00007ffb32225000 	C:\WINDOWS\System32\combase.dll
0x00007ffb2f880000 - 0x00007ffb2f8ac000 	C:\WINDOWS\SYSTEM32\Wldp.dll
0x00007ffb30870000 - 0x00007ffb3091e000 	C:\WINDOWS\System32\SHCORE.dll
0x00007ffb31dc0000 - 0x00007ffb31e15000 	C:\WINDOWS\System32\shlwapi.dll
0x00007ffb2fd50000 - 0x00007ffb2fd6f000 	C:\WINDOWS\SYSTEM32\profapi.dll
0x00007ffb2a8a0000 - 0x00007ffb2a8ba000 	C:\Users\Mihai\.jdks\adopt-openjdk-1.8.0_275-2\jre\bin\net.dll
0x00007ffb2f5f0000 - 0x00007ffb2f65a000 	C:\WINDOWS\system32\mswsock.dll
0x00007ffb221f0000 - 0x00007ffb22202000 	C:\Users\Mihai\.jdks\adopt-openjdk-1.8.0_275-2\jre\bin\nio.dll
0x00007ffb2b9e0000 - 0x00007ffb2b9fe000 	C:\Users\Mihai\.gradle\native\25\windows-amd64\native-platform.dll
0x00007ffb2b9c0000 - 0x00007ffb2b9cd000 	C:\Users\Mihai\.jdks\adopt-openjdk-1.8.0_275-2\jre\bin\management.dll
0x00007ffb2f7d0000 - 0x00007ffb2f7e8000 	C:\WINDOWS\SYSTEM32\CRYPTSP.dll
0x00007ffb2ef20000 - 0x00007ffb2ef54000 	C:\WINDOWS\system32\rsaenh.dll
0x00007ffb303f0000 - 0x00007ffb30417000 	C:\WINDOWS\System32\bcrypt.dll
0x00007ffb2fd10000 - 0x00007ffb2fd3e000 	C:\WINDOWS\SYSTEM32\USERENV.dll
0x00007ffb30680000 - 0x00007ffb30703000 	C:\WINDOWS\System32\bcryptprimitives.dll
0x00007ffb2f7c0000 - 0x00007ffb2f7cc000 	C:\WINDOWS\SYSTEM32\CRYPTBASE.dll
0x00007ffb2f290000 - 0x00007ffb2f2cb000 	C:\WINDOWS\SYSTEM32\IPHLPAPI.DLL
0x00007ffb312d0000 - 0x00007ffb312d8000 	C:\WINDOWS\System32\NSI.dll
0x00007ffb28850000 - 0x00007ffb28867000 	C:\WINDOWS\SYSTEM32\dhcpcsvc6.DLL
0x00007ffb28310000 - 0x00007ffb2832d000 	C:\WINDOWS\SYSTEM32\dhcpcsvc.DLL
0x00007ffb2f2e0000 - 0x00007ffb2f3ac000 	C:\WINDOWS\SYSTEM32\DNSAPI.dll
0x00007ffb22040000 - 0x00007ffb22063000 	C:\Users\Mihai\.jdks\adopt-openjdk-1.8.0_275-2\jre\bin\sunec.dll
0x00007ffb25450000 - 0x00007ffb2545a000 	C:\Windows\System32\rasadhlp.dll
0x00007ffb20930000 - 0x00007ffb209af000 	C:\WINDOWS\System32\fwpuclnt.dll
0x00007ffb2a890000 - 0x00007ffb2a89c000 	C:\Users\Mihai\.jdks\adopt-openjdk-1.8.0_275-2\jre\bin\sunmscapi.dll
0x00007ffb2ffc0000 - 0x00007ffb3011f000 	C:\WINDOWS\System32\CRYPT32.dll
0x00007ffb2f8f0000 - 0x00007ffb2f917000 	C:\WINDOWS\SYSTEM32\ncrypt.dll
0x00007ffb2f8b0000 - 0x00007ffb2f8eb000 	C:\WINDOWS\SYSTEM32\NTASN1.dll
0x00007ffb26b30000 - 0x00007ffb26d14000 	C:\WINDOWS\SYSTEM32\dbghelp.dll

VM Arguments:
jvm_args: -Xmx3G -Dfile.encoding=windows-1252 -Duser.country=US -Duser.language=en -Duser.variant 
java_command: org.gradle.launcher.daemon.bootstrap.GradleDaemon 4.10.3
java_class_path (initial): C:\Users\Mihai\.gradle\wrapper\dists\gradle-4.10.3-bin\31t79e2qsceia4mkbojplrgx\gradle-4.10.3\lib\gradle-launcher-4.10.3.jar
Launcher Type: SUN_STANDARD

Environment Variables:
PATH=C:\Program Files (x86)\Common Files\Oracle\Java\javapath;C:\Windows\system32;C:\Windows;C:\Windows\System32\Wbem;C:\Windows\System32\WindowsPowerShell\v1.0\;C:\Windows\System32\OpenSSH\;C:\Program Files (x86)\Intel\Intel(R) Management Engine Components\DAL;C:\Program Files\Intel\Intel(R) Management Engine Components\DAL;C:\Program Files\NVIDIA Corporation\NVIDIA NvDLISR;C:\Program Files (x86)\NVIDIA Corporation\PhysX\Common;C:\WINDOWS\system32;C:\WINDOWS;C:\WINDOWS\System32\Wbem;C:\WINDOWS\System32\WindowsPowerShell\v1.0\;C:\WINDOWS\System32\OpenSSH\;C:\Program Files\Microsoft SQL Server\130\Tools\Binn\;C:\Program Files\dotnet\;C:\Program Files\Git\cmd;C:\Program Files\nodejs\;D:\Users\Mihai\AppData\Local\Programs\Python\Python38-32\Scripts\;D:\Users\Mihai\AppData\Local\Programs\Python\Python38-32\;C:\Users\Mihai\AppData\Local\Microsoft\WindowsApps;C:\Users\Mihai\AppData\Local\GitHubDesktop\bin;C:\Users\Mihai\.dotnet\tools;C:\Users\Mihai\AppData\Roaming\npm;C:\Users\Mihai\AppData\Local\atom\bin;%USERPROFILE%\AppData\Local\Microsoft\WindowsApps;
USERNAME=Mihai
OS=Windows_NT
PROCESSOR_IDENTIFIER=Intel64 Family 6 Model 158 Stepping 11, GenuineIntel



---------------  S Y S T E M  ---------------

OS: Windows 10.0 , 64 bit Build 19041 (10.0.19041.1023)

CPU:total 4 (initial active 4) (4 cores per cpu, 1 threads per core) family 6 model 158 stepping 11, cmov, cx8, fxsr, mmx, sse, sse2, sse3, ssse3, sse4.1, sse4.2, popcnt, avx, avx2, aes, clmul, erms, 3dnowpref, lzcnt, tsc, tscinvbit, bmi1, bmi2, adx

Memory: 4k page, physical 8321640k(2595648k free), swap 16185960k(7943624k free)

vm_info: OpenJDK 64-Bit Server VM (25.275-b01) for windows-amd64 JRE (1.8.0_275-b01), built on Nov 10 2020 15:01:01 by "jenkins" with MS VC++ 12.0 (VS2013)

time: Sun Jun 20 10:29:51 2021
timezone: GTB Daylight Time
elapsed time: 9.638524 seconds (0d 0h 0m 9s)

